

Microchip MPLAB XC8 Assembler V2.41 build 20230208172133 
                                                                                               Mon Aug 07 09:33:41 2023

Microchip MPLAB XC8 C Compiler v2.41 (Free license) build 20230208172133 Og1 
     1                           	processor	16F887
     2                           	pagewidth 120
     3                           	opt	flic
     4                           	psect	cinit,global,class=CODE,merge=1,delta=2
     5                           	psect	cstackCOMMON,global,class=COMMON,space=1,delta=1,noexec
     6                           	psect	cstackBANK0,global,class=BANK0,space=1,delta=1,noexec
     7                           	psect	maintext,global,class=CODE,split=1,delta=2
     8                           	psect	text1,local,class=CODE,merge=1,delta=2
     9                           	psect	text2,local,class=CODE,merge=1,delta=2
    10                           	psect	text3,local,class=CODE,merge=1,delta=2,group=1
    11                           	psect	text4,local,class=CODE,merge=1,delta=2
    12                           	psect	text5,local,class=CODE,merge=1,delta=2
    13                           	psect	text6,local,class=CODE,merge=1,delta=2
    14                           	psect	text7,local,class=CODE,merge=1,delta=2
    15                           	psect	text8,local,class=CODE,merge=1,delta=2
    16                           	psect	text9,local,class=CODE,merge=1,delta=2
    17                           	psect	intentry,global,class=CODE,delta=2
    18                           	psect	config,global,abs,ovrld,class=CONFIG,space=4,delta=2,noexec
    19                           	dabs	1,0x7E,2
    20     0000                     
    21                           ; Generated 22/03/2023 GMT
    22                           ; 
    23                           ; Copyright © 2023, Microchip Technology Inc. and its subsidiaries ("Microchip")
    24                           ; All rights reserved.
    25                           ; 
    26                           ; This software is developed by Microchip Technology Inc. and its subsidiaries ("Microch
      +                          ip").
    27                           ; 
    28                           ; Redistribution and use in source and binary forms, with or without modification, are
    29                           ; permitted provided that the following conditions are met:
    30                           ; 
    31                           ;     1. Redistributions of source code must retain the above copyright notice, this lis
      +                          t of
    32                           ;        conditions and the following disclaimer.
    33                           ; 
    34                           ;     2. Redistributions in binary form must reproduce the above copyright notice, this 
      +                          list
    35                           ;        of conditions and the following disclaimer in the documentation and/or other
    36                           ;        materials provided with the distribution. Publication is not required when
    37                           ;        this file is used in an embedded application.
    38                           ; 
    39                           ;     3. Microchip's name may not be used to endorse or promote products derived from th
      +                          is
    40                           ;        software without specific prior written permission.
    41                           ; 
    42                           ; THIS SOFTWARE IS PROVIDED BY MICROCHIP "AS IS" AND ANY EXPRESS OR IMPLIED WARRANTIES,
    43                           ; INCLUDING, BUT NOT LIMITED TO, THE IMPLIED WARRANTIES OF MERCHANTABILITY AND FITNESS F
      +                          OR
    44                           ; PURPOSE ARE DISCLAIMED.  IN NO EVENT SHALL MICROCHIP BE LIABLE FOR ANY DIRECT, INDIREC
      +                          T,
    45                           ; INCIDENTAL, SPECIAL, EXEMPLARY, OR CONSEQUENTIAL DAMAGES (INCLUDING BUT NOT LIMITED TO
    46                           ; PROCUREMENT OF SUBSTITUTE GOODS OR SERVICES; LOSS OF USE, DATA OR PROFITS; OR BUSINESS
    47                           ; INTERRUPTION) HOWSOEVER CAUSED AND ON ANY THEORY OF LIABILITY, WHETHER IN CONTRACT, ST
      +                          RICT
    48                           ; LIABILITY, OR TORT (INCLUDING NEGLIGENCE OR OTHERWISE) ARISING IN ANY WAY OUT OF THE U
      +                          SE OF
    49                           ; THIS SOFTWARE, EVEN IF ADVISED OF THE POSSIBILITY OF SUCH DAMAGE.
    50                           ; 
    51                           ; 
    52                           ; Code-generator required, PIC16F887 Definitions
    53                           ; 
    54                           ; SFR Addresses
    55     0000                     	;# 
    56     0001                     	;# 
    57     0002                     	;# 
    58     0003                     	;# 
    59     0004                     	;# 
    60     0005                     	;# 
    61     0006                     	;# 
    62     0007                     	;# 
    63     0008                     	;# 
    64     0009                     	;# 
    65     000A                     	;# 
    66     000B                     	;# 
    67     000C                     	;# 
    68     000D                     	;# 
    69     000E                     	;# 
    70     000E                     	;# 
    71     000F                     	;# 
    72     0010                     	;# 
    73     0011                     	;# 
    74     0012                     	;# 
    75     0013                     	;# 
    76     0014                     	;# 
    77     0015                     	;# 
    78     0015                     	;# 
    79     0016                     	;# 
    80     0017                     	;# 
    81     0018                     	;# 
    82     0019                     	;# 
    83     001A                     	;# 
    84     001B                     	;# 
    85     001B                     	;# 
    86     001C                     	;# 
    87     001D                     	;# 
    88     001E                     	;# 
    89     001F                     	;# 
    90     0081                     	;# 
    91     0085                     	;# 
    92     0086                     	;# 
    93     0087                     	;# 
    94     0088                     	;# 
    95     0089                     	;# 
    96     008C                     	;# 
    97     008D                     	;# 
    98     008E                     	;# 
    99     008F                     	;# 
   100     0090                     	;# 
   101     0091                     	;# 
   102     0092                     	;# 
   103     0093                     	;# 
   104     0093                     	;# 
   105     0093                     	;# 
   106     0094                     	;# 
   107     0095                     	;# 
   108     0096                     	;# 
   109     0097                     	;# 
   110     0098                     	;# 
   111     0099                     	;# 
   112     009A                     	;# 
   113     009B                     	;# 
   114     009C                     	;# 
   115     009D                     	;# 
   116     009E                     	;# 
   117     009F                     	;# 
   118     0105                     	;# 
   119     0107                     	;# 
   120     0108                     	;# 
   121     0109                     	;# 
   122     010C                     	;# 
   123     010C                     	;# 
   124     010D                     	;# 
   125     010E                     	;# 
   126     010F                     	;# 
   127     0185                     	;# 
   128     0187                     	;# 
   129     0188                     	;# 
   130     0189                     	;# 
   131     018C                     	;# 
   132     018D                     	;# 
   133     0000                     	;# 
   134     0001                     	;# 
   135     0002                     	;# 
   136     0003                     	;# 
   137     0004                     	;# 
   138     0005                     	;# 
   139     0006                     	;# 
   140     0007                     	;# 
   141     0008                     	;# 
   142     0009                     	;# 
   143     000A                     	;# 
   144     000B                     	;# 
   145     000C                     	;# 
   146     000D                     	;# 
   147     000E                     	;# 
   148     000E                     	;# 
   149     000F                     	;# 
   150     0010                     	;# 
   151     0011                     	;# 
   152     0012                     	;# 
   153     0013                     	;# 
   154     0014                     	;# 
   155     0015                     	;# 
   156     0015                     	;# 
   157     0016                     	;# 
   158     0017                     	;# 
   159     0018                     	;# 
   160     0019                     	;# 
   161     001A                     	;# 
   162     001B                     	;# 
   163     001B                     	;# 
   164     001C                     	;# 
   165     001D                     	;# 
   166     001E                     	;# 
   167     001F                     	;# 
   168     0081                     	;# 
   169     0085                     	;# 
   170     0086                     	;# 
   171     0087                     	;# 
   172     0088                     	;# 
   173     0089                     	;# 
   174     008C                     	;# 
   175     008D                     	;# 
   176     008E                     	;# 
   177     008F                     	;# 
   178     0090                     	;# 
   179     0091                     	;# 
   180     0092                     	;# 
   181     0093                     	;# 
   182     0093                     	;# 
   183     0093                     	;# 
   184     0094                     	;# 
   185     0095                     	;# 
   186     0096                     	;# 
   187     0097                     	;# 
   188     0098                     	;# 
   189     0099                     	;# 
   190     009A                     	;# 
   191     009B                     	;# 
   192     009C                     	;# 
   193     009D                     	;# 
   194     009E                     	;# 
   195     009F                     	;# 
   196     0105                     	;# 
   197     0107                     	;# 
   198     0108                     	;# 
   199     0109                     	;# 
   200     010C                     	;# 
   201     010C                     	;# 
   202     010D                     	;# 
   203     010E                     	;# 
   204     010F                     	;# 
   205     0185                     	;# 
   206     0187                     	;# 
   207     0188                     	;# 
   208     0189                     	;# 
   209     018C                     	;# 
   210     018D                     	;# 
   211     0000                     	;# 
   212     0001                     	;# 
   213     0002                     	;# 
   214     0003                     	;# 
   215     0004                     	;# 
   216     0005                     	;# 
   217     0006                     	;# 
   218     0007                     	;# 
   219     0008                     	;# 
   220     0009                     	;# 
   221     000A                     	;# 
   222     000B                     	;# 
   223     000C                     	;# 
   224     000D                     	;# 
   225     000E                     	;# 
   226     000E                     	;# 
   227     000F                     	;# 
   228     0010                     	;# 
   229     0011                     	;# 
   230     0012                     	;# 
   231     0013                     	;# 
   232     0014                     	;# 
   233     0015                     	;# 
   234     0015                     	;# 
   235     0016                     	;# 
   236     0017                     	;# 
   237     0018                     	;# 
   238     0019                     	;# 
   239     001A                     	;# 
   240     001B                     	;# 
   241     001B                     	;# 
   242     001C                     	;# 
   243     001D                     	;# 
   244     001E                     	;# 
   245     001F                     	;# 
   246     0081                     	;# 
   247     0085                     	;# 
   248     0086                     	;# 
   249     0087                     	;# 
   250     0088                     	;# 
   251     0089                     	;# 
   252     008C                     	;# 
   253     008D                     	;# 
   254     008E                     	;# 
   255     008F                     	;# 
   256     0090                     	;# 
   257     0091                     	;# 
   258     0092                     	;# 
   259     0093                     	;# 
   260     0093                     	;# 
   261     0093                     	;# 
   262     0094                     	;# 
   263     0095                     	;# 
   264     0096                     	;# 
   265     0097                     	;# 
   266     0098                     	;# 
   267     0099                     	;# 
   268     009A                     	;# 
   269     009B                     	;# 
   270     009C                     	;# 
   271     009D                     	;# 
   272     009E                     	;# 
   273     009F                     	;# 
   274     0105                     	;# 
   275     0107                     	;# 
   276     0108                     	;# 
   277     0109                     	;# 
   278     010C                     	;# 
   279     010C                     	;# 
   280     010D                     	;# 
   281     010E                     	;# 
   282     010F                     	;# 
   283     0185                     	;# 
   284     0187                     	;# 
   285     0188                     	;# 
   286     0189                     	;# 
   287     018C                     	;# 
   288     018D                     	;# 
   289     0013                     _SSPBUF	set	19
   290     0014                     _SSPCON	set	20
   291     0005                     _PORTA	set	5
   292     0063                     _SSPIF	set	99
   293     005E                     _PEIE	set	94
   294     005F                     _GIE	set	95
   295     0091                     _SSPCON2bits	set	145
   296     0087                     _TRISCbits	set	135
   297     0094                     _SSPSTAT	set	148
   298     0093                     _SSPADD	set	147
   299     0091                     _SSPCON2	set	145
   300     008F                     _OSCCONbits	set	143
   301     0085                     _TRISA	set	133
   302     0463                     _SSPIE	set	1123
   303     043C                     _TRISC4	set	1084
   304     043B                     _TRISC3	set	1083
   305     0478                     _SCS	set	1144
   306     0189                     _ANSELH	set	393
   307     0188                     _ANSEL	set	392
   308                           
   309                           	psect	cinit
   310     000F                     start_initialization:	
   311                           ; #config settings
   312                           
   313     000F                     __initialization:
   314     000F                     end_of_initialization:	
   315                           ;End of C runtime variable initialization code
   316                           
   317     000F                     __end_of__initialization:
   318     000F  0183               	clrf	3
   319     0010  120A  118A  28B3   	ljmp	_main	;jump to C main() function
   320                           
   321                           	psect	cstackCOMMON
   322     0070                     __pcstackCOMMON:
   323     0070                     ?_setup:
   324     0070                     ?_I2C_Master_Start:	
   325                           ; 1 bytes @ 0x0
   326                           
   327     0070                     ?_I2C_Master_Stop:	
   328                           ; 1 bytes @ 0x0
   329                           
   330     0070                     ?_isr:	
   331                           ; 1 bytes @ 0x0
   332                           
   333     0070                     ??_isr:	
   334                           ; 1 bytes @ 0x0
   335                           
   336     0070                     ?_I2C_Master_Wait:	
   337                           ; 1 bytes @ 0x0
   338                           
   339     0070                     ?_main:	
   340                           ; 1 bytes @ 0x0
   341                           
   342                           
   343                           ; 2 bytes @ 0x0
   344     0070                     	ds	2
   345     0072                     ??_I2C_Master_Start:
   346     0072                     ?_I2C_Master_Write:	
   347                           ; 1 bytes @ 0x2
   348                           
   349     0072                     ??_I2C_Master_Stop:	
   350                           ; 1 bytes @ 0x2
   351                           
   352     0072                     ??_I2C_Master_Wait:	
   353                           ; 1 bytes @ 0x2
   354                           
   355     0072                     ?_I2C_Master_Read:	
   356                           ; 1 bytes @ 0x2
   357                           
   358     0072                     ?___lldiv:	
   359                           ; 2 bytes @ 0x2
   360                           
   361     0072                     I2C_Master_Write@d:	
   362                           ; 4 bytes @ 0x2
   363                           
   364     0072                     I2C_Master_Read@a:	
   365                           ; 2 bytes @ 0x2
   366                           
   367     0072                     ___lldiv@divisor:	
   368                           ; 2 bytes @ 0x2
   369                           
   370                           
   371                           ; 4 bytes @ 0x2
   372     0072                     	ds	2
   373     0074                     ??_I2C_Master_Write:
   374     0074                     ??_I2C_Master_Read:	
   375                           ; 1 bytes @ 0x4
   376                           
   377                           
   378                           ; 1 bytes @ 0x4
   379     0074                     	ds	2
   380     0076                     I2C_Master_Read@temp:
   381     0076                     ___lldiv@dividend:	
   382                           ; 2 bytes @ 0x6
   383                           
   384                           
   385                           ; 4 bytes @ 0x6
   386     0076                     	ds	4
   387     007A                     ??___lldiv:
   388                           
   389                           ; 1 bytes @ 0xA
   390     007A                     	ds	1
   391     007B                     ??_setup:
   392                           
   393                           	psect	cstackBANK0
   394     0020                     __pcstackBANK0:	
   395                           ; 1 bytes @ 0xB
   396                           
   397     0020                     ___lldiv@quotient:
   398                           
   399                           ; 4 bytes @ 0x0
   400     0020                     	ds	4
   401     0024                     ___lldiv@counter:
   402                           
   403                           ; 1 bytes @ 0x4
   404     0024                     	ds	1
   405     0025                     ?_I2C_Master_Init:
   406     0025                     I2C_Master_Init@c:	
   407                           ; 1 bytes @ 0x5
   408                           
   409                           
   410                           ; 4 bytes @ 0x5
   411     0025                     	ds	4
   412     0029                     ??_I2C_Master_Init:
   413                           
   414                           ; 1 bytes @ 0x9
   415     0029                     	ds	4
   416     002D                     ??_main:
   417                           
   418                           ; 1 bytes @ 0xD
   419     002D                     	ds	3
   420                           
   421                           	psect	maintext
   422     00B3                     __pmaintext:	
   423 ;;
   424 ;;Main: autosize = 0, tempsize = 3, incstack = 0, save=0
   425 ;;
   426 ;; *************** function _main *****************
   427 ;; Defined at:
   428 ;;		line 50 in file "Lab4_Master.c"
   429 ;; Parameters:    Size  Location     Type
   430 ;;		None
   431 ;; Auto vars:     Size  Location     Type
   432 ;;		None
   433 ;; Return value:  Size  Location     Type
   434 ;;                  2   35[None  ] int 
   435 ;; Registers used:
   436 ;;		wreg, status,2, status,0, btemp+1, pclath, cstack
   437 ;; Tracked objects:
   438 ;;		On entry : B00/0
   439 ;;		On exit  : 0/0
   440 ;;		Unchanged: 0/0
   441 ;; Data sizes:     COMMON   BANK0   BANK1   BANK3   BANK2
   442 ;;      Params:         0       0       0       0       0
   443 ;;      Locals:         0       0       0       0       0
   444 ;;      Temps:          0       3       0       0       0
   445 ;;      Totals:         0       3       0       0       0
   446 ;;Total ram usage:        3 bytes
   447 ;; Hardware stack levels required when called: 4
   448 ;; This function calls:
   449 ;;		_I2C_Master_Read
   450 ;;		_I2C_Master_Start
   451 ;;		_I2C_Master_Stop
   452 ;;		_I2C_Master_Write
   453 ;;		_setup
   454 ;; This function is called by:
   455 ;;		Startup code after reset
   456 ;; This function uses a non-reentrant model
   457 ;;
   458                           
   459     00B3                     _main:	
   460                           ;psect for function _main
   461                           
   462     00B3                     l863:	
   463                           ;incstack = 0
   464                           ; Regs used in _main: [wreg+status,2+status,0+btemp+1+pclath+cstack]
   465                           
   466     00B3  120A  118A  2118  120A  118A  	fcall	_setup
   467     00B8                     l865:
   468                           
   469                           ;Lab4_Master.c: 62:         I2C_Master_Start();
   470     00B8  120A  118A  2157  120A  118A  	fcall	_I2C_Master_Start
   471     00BD                     l867:
   472                           
   473                           ;Lab4_Master.c: 63:         I2C_Master_Write(0x51);
   474     00BD  3051               	movlw	81
   475     00BE  00F2               	movwf	I2C_Master_Write@d
   476     00BF  3000               	movlw	0
   477     00C0  00F3               	movwf	I2C_Master_Write@d+1
   478     00C1  120A  118A  2144  120A  118A  	fcall	_I2C_Master_Write
   479     00C6                     l869:
   480                           
   481                           ;Lab4_Master.c: 64:         PORTA = I2C_Master_Read(0);
   482     00C6  3000               	movlw	0
   483     00C7  00F2               	movwf	I2C_Master_Read@a
   484     00C8  00F3               	movwf	I2C_Master_Read@a+1
   485     00C9  120A  118A  20EA  120A  118A  	fcall	_I2C_Master_Read
   486     00CE  0872               	movf	?_I2C_Master_Read,w
   487     00CF  1283               	bcf	3,5	;RP0=0, select bank0
   488     00D0  1303               	bcf	3,6	;RP1=0, select bank0
   489     00D1  0085               	movwf	5	;volatile
   490     00D2                     l871:
   491                           
   492                           ;Lab4_Master.c: 65:         I2C_Master_Stop();
   493     00D2  120A  118A  214E  120A  118A  	fcall	_I2C_Master_Stop
   494     00D7                     l873:
   495                           
   496                           ;Lab4_Master.c: 66:         _delay((unsigned long)((200)*(8000000/4000.0)));
   497     00D7  3003               	movlw	3
   498     00D8  1283               	bcf	3,5	;RP0=0, select bank0
   499     00D9  1303               	bcf	3,6	;RP1=0, select bank0
   500     00DA  00AF               	movwf	??_main+2
   501     00DB  3008               	movlw	8
   502     00DC  00AE               	movwf	??_main+1
   503     00DD  3076               	movlw	118
   504     00DE  00AD               	movwf	??_main
   505     00DF                     u217:
   506     00DF  0BAD               	decfsz	??_main,f
   507     00E0  28DF               	goto	u217
   508     00E1  0BAE               	decfsz	??_main+1,f
   509     00E2  28DF               	goto	u217
   510     00E3  0BAF               	decfsz	??_main+2,f
   511     00E4  28DF               	goto	u217
   512     00E5  0000               	nop
   513     00E6  28B8               	goto	l865
   514     00E7  120A  118A  280C   	ljmp	start
   515     00EA                     __end_of_main:
   516                           
   517                           	psect	text1
   518     0118                     __ptext1:	
   519 ;; *************** function _setup *****************
   520 ;; Defined at:
   521 ;;		line 70 in file "Lab4_Master.c"
   522 ;; Parameters:    Size  Location     Type
   523 ;;		None
   524 ;; Auto vars:     Size  Location     Type
   525 ;;		None
   526 ;; Return value:  Size  Location     Type
   527 ;;                  1    wreg      void 
   528 ;; Registers used:
   529 ;;		wreg, status,2, status,0, btemp+1, pclath, cstack
   530 ;; Tracked objects:
   531 ;;		On entry : 0/0
   532 ;;		On exit  : 0/0
   533 ;;		Unchanged: 0/0
   534 ;; Data sizes:     COMMON   BANK0   BANK1   BANK3   BANK2
   535 ;;      Params:         0       0       0       0       0
   536 ;;      Locals:         0       0       0       0       0
   537 ;;      Temps:          0       0       0       0       0
   538 ;;      Totals:         0       0       0       0       0
   539 ;;Total ram usage:        0 bytes
   540 ;; Hardware stack levels used: 1
   541 ;; Hardware stack levels required when called: 3
   542 ;; This function calls:
   543 ;;		_I2C_Master_Init
   544 ;; This function is called by:
   545 ;;		_main
   546 ;; This function uses a non-reentrant model
   547 ;;
   548                           
   549     0118                     _setup:	
   550                           ;psect for function _setup
   551                           
   552     0118                     l835:	
   553                           ;incstack = 0
   554                           ; Regs used in _setup: [wreg+status,2+status,0+btemp+1+pclath+cstack]
   555                           
   556                           
   557                           ;Lab4_Master.c: 71:     ANSEL = 0;
   558     0118  1683               	bsf	3,5	;RP0=1, select bank3
   559     0119  1703               	bsf	3,6	;RP1=1, select bank3
   560     011A  0188               	clrf	8	;volatile
   561                           
   562                           ;Lab4_Master.c: 72:     ANSELH= 0;
   563     011B  0189               	clrf	9	;volatile
   564                           
   565                           ;Lab4_Master.c: 74:     TRISA = 0;
   566     011C  1683               	bsf	3,5	;RP0=1, select bank1
   567     011D  1303               	bcf	3,6	;RP1=0, select bank1
   568     011E  0185               	clrf	5	;volatile
   569                           
   570                           ;Lab4_Master.c: 75:     PORTA = 0;
   571     011F  1283               	bcf	3,5	;RP0=0, select bank0
   572     0120  1303               	bcf	3,6	;RP1=0, select bank0
   573     0121  0185               	clrf	5	;volatile
   574     0122                     l837:
   575                           
   576                           ;Lab4_Master.c: 78:     OSCCONbits.IRCF = 0b111;
   577     0122  3070               	movlw	112
   578     0123  1683               	bsf	3,5	;RP0=1, select bank1
   579     0124  1303               	bcf	3,6	;RP1=0, select bank1
   580     0125  048F               	iorwf	15,f	;volatile
   581     0126                     l839:
   582                           
   583                           ;Lab4_Master.c: 79:     SCS = 1;
   584     0126  140F               	bsf	15,0	;volatile
   585     0127                     l841:
   586                           
   587                           ;Lab4_Master.c: 82:     I2C_Master_Init(100000);
   588     0127  3000               	movlw	0
   589     0128  1283               	bcf	3,5	;RP0=0, select bank0
   590     0129  1303               	bcf	3,6	;RP1=0, select bank0
   591     012A  00A8               	movwf	I2C_Master_Init@c+3
   592     012B  3001               	movlw	1
   593     012C  00A7               	movwf	I2C_Master_Init@c+2
   594     012D  3086               	movlw	134
   595     012E  00A6               	movwf	I2C_Master_Init@c+1
   596     012F  30A0               	movlw	160
   597     0130  00A5               	movwf	I2C_Master_Init@c
   598     0131  120A  118A  207B  120A  118A  	fcall	_I2C_Master_Init
   599     0136                     l42:
   600     0136  0008               	return
   601     0137                     __end_of_setup:
   602                           
   603                           	psect	text2
   604     007B                     __ptext2:	
   605 ;; *************** function _I2C_Master_Init *****************
   606 ;; Defined at:
   607 ;;		line 16 in file "I2C.c"
   608 ;; Parameters:    Size  Location     Type
   609 ;;  c               4    5[BANK0 ] const unsigned long 
   610 ;; Auto vars:     Size  Location     Type
   611 ;;		None
   612 ;; Return value:  Size  Location     Type
   613 ;;                  1    wreg      void 
   614 ;; Registers used:
   615 ;;		wreg, status,2, status,0, btemp+1, pclath, cstack
   616 ;; Tracked objects:
   617 ;;		On entry : 0/0
   618 ;;		On exit  : 0/0
   619 ;;		Unchanged: 0/0
   620 ;; Data sizes:     COMMON   BANK0   BANK1   BANK3   BANK2
   621 ;;      Params:         0       4       0       0       0
   622 ;;      Locals:         0       0       0       0       0
   623 ;;      Temps:          0       4       0       0       0
   624 ;;      Totals:         0       8       0       0       0
   625 ;;Total ram usage:        8 bytes
   626 ;; Hardware stack levels used: 1
   627 ;; Hardware stack levels required when called: 2
   628 ;; This function calls:
   629 ;;		___lldiv
   630 ;; This function is called by:
   631 ;;		_setup
   632 ;; This function uses a non-reentrant model
   633 ;;
   634                           
   635     007B                     _I2C_Master_Init:	
   636                           ;psect for function _I2C_Master_Init
   637                           
   638     007B                     l823:	
   639                           ;incstack = 0
   640                           ; Regs used in _I2C_Master_Init: [wreg+status,2+status,0+btemp+1+pclath+cstack]
   641                           
   642                           
   643                           ;I2C.c: 16: void I2C_Master_Init(const unsigned long c);I2C.c: 17: {;I2C.c: 18:     SSPC
      +                          ON = 0b00101000;
   644     007B  3028               	movlw	40
   645     007C  1283               	bcf	3,5	;RP0=0, select bank0
   646     007D  1303               	bcf	3,6	;RP1=0, select bank0
   647     007E  0094               	movwf	20	;volatile
   648     007F                     l825:
   649                           
   650                           ;I2C.c: 19:     SSPCON2 = 0;
   651     007F  1683               	bsf	3,5	;RP0=1, select bank1
   652     0080  1303               	bcf	3,6	;RP1=0, select bank1
   653     0081  0191               	clrf	17	;volatile
   654     0082                     l827:
   655                           
   656                           ;I2C.c: 20:     SSPADD = (8000000/(4*c))-1;
   657     0082  1283               	bcf	3,5	;RP0=0, select bank0
   658     0083  1303               	bcf	3,6	;RP1=0, select bank0
   659     0084  0825               	movf	I2C_Master_Init@c,w
   660     0085  00A9               	movwf	??_I2C_Master_Init
   661     0086  0826               	movf	I2C_Master_Init@c+1,w
   662     0087  00AA               	movwf	??_I2C_Master_Init+1
   663     0088  0827               	movf	I2C_Master_Init@c+2,w
   664     0089  00AB               	movwf	??_I2C_Master_Init+2
   665     008A  0828               	movf	I2C_Master_Init@c+3,w
   666     008B  00AC               	movwf	??_I2C_Master_Init+3
   667     008C  3002               	movlw	2
   668     008D                     u195:
   669     008D  1003               	clrc
   670     008E  0DA9               	rlf	??_I2C_Master_Init,f
   671     008F  0DAA               	rlf	??_I2C_Master_Init+1,f
   672     0090  0DAB               	rlf	??_I2C_Master_Init+2,f
   673     0091  0DAC               	rlf	??_I2C_Master_Init+3,f
   674     0092                     u190:
   675     0092  3EFF               	addlw	-1
   676     0093  1D03               	skipz
   677     0094  288D               	goto	u195
   678     0095  082C               	movf	??_I2C_Master_Init+3,w
   679     0096  00F5               	movwf	___lldiv@divisor+3
   680     0097  082B               	movf	??_I2C_Master_Init+2,w
   681     0098  00F4               	movwf	___lldiv@divisor+2
   682     0099  082A               	movf	??_I2C_Master_Init+1,w
   683     009A  00F3               	movwf	___lldiv@divisor+1
   684     009B  0829               	movf	??_I2C_Master_Init,w
   685     009C  00F2               	movwf	___lldiv@divisor
   686     009D  3000               	movlw	0
   687     009E  00F9               	movwf	___lldiv@dividend+3
   688     009F  307A               	movlw	122
   689     00A0  00F8               	movwf	___lldiv@dividend+2
   690     00A1  3012               	movlw	18
   691     00A2  00F7               	movwf	___lldiv@dividend+1
   692     00A3  3000               	movlw	0
   693     00A4  00F6               	movwf	___lldiv@dividend
   694     00A5  120A  118A  2013  120A  118A  	fcall	___lldiv
   695     00AA  0872               	movf	?___lldiv,w
   696     00AB  3EFF               	addlw	255
   697     00AC  1683               	bsf	3,5	;RP0=1, select bank1
   698     00AD  1303               	bcf	3,6	;RP1=0, select bank1
   699     00AE  0093               	movwf	19	;volatile
   700     00AF                     l829:
   701                           
   702                           ;I2C.c: 21:     SSPSTAT = 0;
   703     00AF  0194               	clrf	20	;volatile
   704     00B0                     l831:
   705                           
   706                           ;I2C.c: 22:     TRISCbits.TRISC3 = 1;
   707     00B0  1587               	bsf	7,3	;volatile
   708     00B1                     l833:
   709                           
   710                           ;I2C.c: 23:     TRISCbits.TRISC4 = 1;
   711     00B1  1607               	bsf	7,4	;volatile
   712     00B2                     l71:
   713     00B2  0008               	return
   714     00B3                     __end_of_I2C_Master_Init:
   715                           
   716                           	psect	text3
   717     0013                     __ptext3:	
   718 ;; *************** function ___lldiv *****************
   719 ;; Defined at:
   720 ;;		line 5 in file "C:\Program Files\Microchip\xc8\v2.41\pic\sources\c90\common\__lldiv.c"
   721 ;; Parameters:    Size  Location     Type
   722 ;;  divisor         4    2[COMMON] unsigned long 
   723 ;;  dividend        4    6[COMMON] unsigned long 
   724 ;; Auto vars:     Size  Location     Type
   725 ;;  quotient        4    0[BANK0 ] unsigned long 
   726 ;;  counter         1    4[BANK0 ] unsigned char 
   727 ;; Return value:  Size  Location     Type
   728 ;;                  4    2[COMMON] unsigned long 
   729 ;; Registers used:
   730 ;;		wreg, status,2, status,0, btemp+1
   731 ;; Tracked objects:
   732 ;;		On entry : 0/0
   733 ;;		On exit  : 0/0
   734 ;;		Unchanged: 0/0
   735 ;; Data sizes:     COMMON   BANK0   BANK1   BANK3   BANK2
   736 ;;      Params:         8       0       0       0       0
   737 ;;      Locals:         0       5       0       0       0
   738 ;;      Temps:          1       0       0       0       0
   739 ;;      Totals:         9       5       0       0       0
   740 ;;Total ram usage:       14 bytes
   741 ;; Hardware stack levels used: 1
   742 ;; Hardware stack levels required when called: 1
   743 ;; This function calls:
   744 ;;		Nothing
   745 ;; This function is called by:
   746 ;;		_I2C_Master_Init
   747 ;; This function uses a non-reentrant model
   748 ;;
   749                           
   750     0013                     ___lldiv:	
   751                           ;psect for function ___lldiv
   752                           
   753     0013                     l797:	
   754                           ;incstack = 0
   755                           ; Regs used in ___lldiv: [wreg+status,2+status,0+btemp+1]
   756                           
   757     0013  3000               	movlw	0
   758     0014  1283               	bcf	3,5	;RP0=0, select bank0
   759     0015  1303               	bcf	3,6	;RP1=0, select bank0
   760     0016  00A3               	movwf	___lldiv@quotient+3
   761     0017  3000               	movlw	0
   762     0018  00A2               	movwf	___lldiv@quotient+2
   763     0019  3000               	movlw	0
   764     001A  00A1               	movwf	___lldiv@quotient+1
   765     001B  3000               	movlw	0
   766     001C  00A0               	movwf	___lldiv@quotient
   767     001D  0875               	movf	___lldiv@divisor+3,w
   768     001E  0474               	iorwf	___lldiv@divisor+2,w
   769     001F  0473               	iorwf	___lldiv@divisor+1,w
   770     0020  0472               	iorwf	___lldiv@divisor,w
   771     0021  1903               	skipnz
   772     0022  2824               	goto	u121
   773     0023  2825               	goto	u120
   774     0024                     u121:
   775     0024  2872               	goto	l819
   776     0025                     u120:
   777     0025                     l799:
   778     0025  01A4               	clrf	___lldiv@counter
   779     0026  0AA4               	incf	___lldiv@counter,f
   780     0027  2835               	goto	l805
   781     0028                     l801:
   782     0028  3001               	movlw	1
   783     0029  00FA               	movwf	??___lldiv
   784     002A                     u135:
   785     002A  1003               	clrc
   786     002B  0DF2               	rlf	___lldiv@divisor,f
   787     002C  0DF3               	rlf	___lldiv@divisor+1,f
   788     002D  0DF4               	rlf	___lldiv@divisor+2,f
   789     002E  0DF5               	rlf	___lldiv@divisor+3,f
   790     002F  0BFA               	decfsz	??___lldiv,f
   791     0030  282A               	goto	u135
   792     0031                     l803:
   793     0031  3001               	movlw	1
   794     0032  00FF               	movwf	btemp+1
   795     0033  087F               	movf	btemp+1,w
   796     0034  07A4               	addwf	___lldiv@counter,f
   797     0035                     l805:
   798     0035  1FF5               	btfss	___lldiv@divisor+3,7
   799     0036  2838               	goto	u141
   800     0037  2839               	goto	u140
   801     0038                     u141:
   802     0038  2828               	goto	l801
   803     0039                     u140:
   804     0039                     l807:
   805     0039  3001               	movlw	1
   806     003A  00FA               	movwf	??___lldiv
   807     003B                     u155:
   808     003B  1003               	clrc
   809     003C  0DA0               	rlf	___lldiv@quotient,f
   810     003D  0DA1               	rlf	___lldiv@quotient+1,f
   811     003E  0DA2               	rlf	___lldiv@quotient+2,f
   812     003F  0DA3               	rlf	___lldiv@quotient+3,f
   813     0040  0BFA               	decfsz	??___lldiv,f
   814     0041  283B               	goto	u155
   815     0042                     l809:
   816     0042  0875               	movf	___lldiv@divisor+3,w
   817     0043  0279               	subwf	___lldiv@dividend+3,w
   818     0044  1D03               	skipz
   819     0045  2850               	goto	u165
   820     0046  0874               	movf	___lldiv@divisor+2,w
   821     0047  0278               	subwf	___lldiv@dividend+2,w
   822     0048  1D03               	skipz
   823     0049  2850               	goto	u165
   824     004A  0873               	movf	___lldiv@divisor+1,w
   825     004B  0277               	subwf	___lldiv@dividend+1,w
   826     004C  1D03               	skipz
   827     004D  2850               	goto	u165
   828     004E  0872               	movf	___lldiv@divisor,w
   829     004F  0276               	subwf	___lldiv@dividend,w
   830     0050                     u165:
   831     0050  1C03               	skipc
   832     0051  2853               	goto	u161
   833     0052  2854               	goto	u160
   834     0053                     u161:
   835     0053  2863               	goto	l815
   836     0054                     u160:
   837     0054                     l811:
   838     0054  0872               	movf	___lldiv@divisor,w
   839     0055  02F6               	subwf	___lldiv@dividend,f
   840     0056  0873               	movf	___lldiv@divisor+1,w
   841     0057  1C03               	skipc
   842     0058  0F73               	incfsz	___lldiv@divisor+1,w
   843     0059  02F7               	subwf	___lldiv@dividend+1,f
   844     005A  0874               	movf	___lldiv@divisor+2,w
   845     005B  1C03               	skipc
   846     005C  0F74               	incfsz	___lldiv@divisor+2,w
   847     005D  02F8               	subwf	___lldiv@dividend+2,f
   848     005E  0875               	movf	___lldiv@divisor+3,w
   849     005F  1C03               	skipc
   850     0060  0F75               	incfsz	___lldiv@divisor+3,w
   851     0061  02F9               	subwf	___lldiv@dividend+3,f
   852     0062                     l813:
   853     0062  1420               	bsf	___lldiv@quotient,0
   854     0063                     l815:
   855     0063  3001               	movlw	1
   856     0064                     u175:
   857     0064  1003               	clrc
   858     0065  0CF5               	rrf	___lldiv@divisor+3,f
   859     0066  0CF4               	rrf	___lldiv@divisor+2,f
   860     0067  0CF3               	rrf	___lldiv@divisor+1,f
   861     0068  0CF2               	rrf	___lldiv@divisor,f
   862     0069  3EFF               	addlw	-1
   863     006A  1D03               	skipz
   864     006B  2864               	goto	u175
   865     006C                     l817:
   866     006C  3001               	movlw	1
   867     006D  02A4               	subwf	___lldiv@counter,f
   868     006E  1D03               	btfss	3,2
   869     006F  2871               	goto	u181
   870     0070  2872               	goto	u180
   871     0071                     u181:
   872     0071  2839               	goto	l807
   873     0072                     u180:
   874     0072                     l819:
   875     0072  0823               	movf	___lldiv@quotient+3,w
   876     0073  00F5               	movwf	?___lldiv+3
   877     0074  0822               	movf	___lldiv@quotient+2,w
   878     0075  00F4               	movwf	?___lldiv+2
   879     0076  0821               	movf	___lldiv@quotient+1,w
   880     0077  00F3               	movwf	?___lldiv+1
   881     0078  0820               	movf	___lldiv@quotient,w
   882     0079  00F2               	movwf	?___lldiv
   883     007A                     l219:
   884     007A  0008               	return
   885     007B                     __end_of___lldiv:
   886                           
   887                           	psect	text4
   888     0144                     __ptext4:	
   889 ;; *************** function _I2C_Master_Write *****************
   890 ;; Defined at:
   891 ;;		line 65 in file "I2C.c"
   892 ;; Parameters:    Size  Location     Type
   893 ;;  d               2    2[COMMON] unsigned int 
   894 ;; Auto vars:     Size  Location     Type
   895 ;;		None
   896 ;; Return value:  Size  Location     Type
   897 ;;                  1    wreg      void 
   898 ;; Registers used:
   899 ;;		wreg, status,2, status,0, pclath, cstack
   900 ;; Tracked objects:
   901 ;;		On entry : 0/0
   902 ;;		On exit  : 0/0
   903 ;;		Unchanged: 0/0
   904 ;; Data sizes:     COMMON   BANK0   BANK1   BANK3   BANK2
   905 ;;      Params:         2       0       0       0       0
   906 ;;      Locals:         0       0       0       0       0
   907 ;;      Temps:          0       0       0       0       0
   908 ;;      Totals:         2       0       0       0       0
   909 ;;Total ram usage:        2 bytes
   910 ;; Hardware stack levels used: 1
   911 ;; Hardware stack levels required when called: 2
   912 ;; This function calls:
   913 ;;		_I2C_Master_Wait
   914 ;; This function is called by:
   915 ;;		_main
   916 ;; This function uses a non-reentrant model
   917 ;;
   918                           
   919     0144                     _I2C_Master_Write:	
   920                           ;psect for function _I2C_Master_Write
   921                           
   922     0144                     l843:	
   923                           ;incstack = 0
   924                           ; Regs used in _I2C_Master_Write: [wreg+status,2+status,0+pclath+cstack]
   925                           
   926                           
   927                           ;I2C.c: 65: void I2C_Master_Write(unsigned d);I2C.c: 66: {;I2C.c: 67:     I2C_Master_Wai
      +                          t();
   928     0144  120A  118A  2137  120A  118A  	fcall	_I2C_Master_Wait
   929     0149                     l845:
   930                           
   931                           ;I2C.c: 68:     SSPBUF = d;
   932     0149  0872               	movf	I2C_Master_Write@d,w
   933     014A  1283               	bcf	3,5	;RP0=0, select bank0
   934     014B  1303               	bcf	3,6	;RP1=0, select bank0
   935     014C  0093               	movwf	19	;volatile
   936     014D                     l89:
   937     014D  0008               	return
   938     014E                     __end_of_I2C_Master_Write:
   939                           
   940                           	psect	text5
   941     014E                     __ptext5:	
   942 ;; *************** function _I2C_Master_Stop *****************
   943 ;; Defined at:
   944 ;;		line 55 in file "I2C.c"
   945 ;; Parameters:    Size  Location     Type
   946 ;;		None
   947 ;; Auto vars:     Size  Location     Type
   948 ;;		None
   949 ;; Return value:  Size  Location     Type
   950 ;;                  1    wreg      void 
   951 ;; Registers used:
   952 ;;		wreg, status,2, status,0, pclath, cstack
   953 ;; Tracked objects:
   954 ;;		On entry : 0/0
   955 ;;		On exit  : 0/0
   956 ;;		Unchanged: 0/0
   957 ;; Data sizes:     COMMON   BANK0   BANK1   BANK3   BANK2
   958 ;;      Params:         0       0       0       0       0
   959 ;;      Locals:         0       0       0       0       0
   960 ;;      Temps:          0       0       0       0       0
   961 ;;      Totals:         0       0       0       0       0
   962 ;;Total ram usage:        0 bytes
   963 ;; Hardware stack levels used: 1
   964 ;; Hardware stack levels required when called: 2
   965 ;; This function calls:
   966 ;;		_I2C_Master_Wait
   967 ;; This function is called by:
   968 ;;		_main
   969 ;; This function uses a non-reentrant model
   970 ;;
   971                           
   972     014E                     _I2C_Master_Stop:	
   973                           ;psect for function _I2C_Master_Stop
   974                           
   975     014E                     l763:	
   976                           ;incstack = 0
   977                           ; Regs used in _I2C_Master_Stop: [wreg+status,2+status,0+pclath+cstack]
   978                           
   979                           
   980                           ;I2C.c: 57:     I2C_Master_Wait();
   981     014E  120A  118A  2137  120A  118A  	fcall	_I2C_Master_Wait
   982     0153                     l765:
   983                           
   984                           ;I2C.c: 58:     SSPCON2bits.PEN = 1;
   985     0153  1683               	bsf	3,5	;RP0=1, select bank1
   986     0154  1303               	bcf	3,6	;RP1=0, select bank1
   987     0155  1511               	bsf	17,2	;volatile
   988     0156                     l86:
   989     0156  0008               	return
   990     0157                     __end_of_I2C_Master_Stop:
   991                           
   992                           	psect	text6
   993     0157                     __ptext6:	
   994 ;; *************** function _I2C_Master_Start *****************
   995 ;; Defined at:
   996 ;;		line 39 in file "I2C.c"
   997 ;; Parameters:    Size  Location     Type
   998 ;;		None
   999 ;; Auto vars:     Size  Location     Type
  1000 ;;		None
  1001 ;; Return value:  Size  Location     Type
  1002 ;;                  1    wreg      void 
  1003 ;; Registers used:
  1004 ;;		wreg, status,2, status,0, pclath, cstack
  1005 ;; Tracked objects:
  1006 ;;		On entry : 0/0
  1007 ;;		On exit  : 0/0
  1008 ;;		Unchanged: 0/0
  1009 ;; Data sizes:     COMMON   BANK0   BANK1   BANK3   BANK2
  1010 ;;      Params:         0       0       0       0       0
  1011 ;;      Locals:         0       0       0       0       0
  1012 ;;      Temps:          0       0       0       0       0
  1013 ;;      Totals:         0       0       0       0       0
  1014 ;;Total ram usage:        0 bytes
  1015 ;; Hardware stack levels used: 1
  1016 ;; Hardware stack levels required when called: 2
  1017 ;; This function calls:
  1018 ;;		_I2C_Master_Wait
  1019 ;; This function is called by:
  1020 ;;		_main
  1021 ;; This function uses a non-reentrant model
  1022 ;;
  1023                           
  1024     0157                     _I2C_Master_Start:	
  1025                           ;psect for function _I2C_Master_Start
  1026                           
  1027     0157                     l739:	
  1028                           ;incstack = 0
  1029                           ; Regs used in _I2C_Master_Start: [wreg+status,2+status,0+pclath+cstack]
  1030                           
  1031                           
  1032                           ;I2C.c: 41:     I2C_Master_Wait();
  1033     0157  120A  118A  2137  120A  118A  	fcall	_I2C_Master_Wait
  1034     015C                     l741:
  1035                           
  1036                           ;I2C.c: 42:     SSPCON2bits.SEN = 1;
  1037     015C  1683               	bsf	3,5	;RP0=1, select bank1
  1038     015D  1303               	bcf	3,6	;RP1=0, select bank1
  1039     015E  1411               	bsf	17,0	;volatile
  1040     015F                     l80:
  1041     015F  0008               	return
  1042     0160                     __end_of_I2C_Master_Start:
  1043                           
  1044                           	psect	text7
  1045     00EA                     __ptext7:	
  1046 ;; *************** function _I2C_Master_Read *****************
  1047 ;; Defined at:
  1048 ;;		line 74 in file "I2C.c"
  1049 ;; Parameters:    Size  Location     Type
  1050 ;;  a               2    2[COMMON] unsigned short 
  1051 ;; Auto vars:     Size  Location     Type
  1052 ;;  temp            2    6[COMMON] unsigned short 
  1053 ;; Return value:  Size  Location     Type
  1054 ;;                  2    2[COMMON] unsigned short 
  1055 ;; Registers used:
  1056 ;;		wreg, status,2, status,0, pclath, cstack
  1057 ;; Tracked objects:
  1058 ;;		On entry : 0/0
  1059 ;;		On exit  : 0/0
  1060 ;;		Unchanged: 0/0
  1061 ;; Data sizes:     COMMON   BANK0   BANK1   BANK3   BANK2
  1062 ;;      Params:         2       0       0       0       0
  1063 ;;      Locals:         2       0       0       0       0
  1064 ;;      Temps:          2       0       0       0       0
  1065 ;;      Totals:         6       0       0       0       0
  1066 ;;Total ram usage:        6 bytes
  1067 ;; Hardware stack levels used: 1
  1068 ;; Hardware stack levels required when called: 2
  1069 ;; This function calls:
  1070 ;;		_I2C_Master_Wait
  1071 ;; This function is called by:
  1072 ;;		_main
  1073 ;; This function uses a non-reentrant model
  1074 ;;
  1075                           
  1076     00EA                     _I2C_Master_Read:	
  1077                           ;psect for function _I2C_Master_Read
  1078                           
  1079     00EA                     l847:	
  1080                           ;incstack = 0
  1081                           ; Regs used in _I2C_Master_Read: [wreg+status,2+status,0+pclath+cstack]
  1082                           
  1083                           
  1084                           ;I2C.c: 74: unsigned short I2C_Master_Read(unsigned short a);I2C.c: 75: {;I2C.c: 76:    
      +                           unsigned short temp;;I2C.c: 77:     I2C_Master_Wait();
  1085     00EA  120A  118A  2137  120A  118A  	fcall	_I2C_Master_Wait
  1086     00EF                     l849:
  1087                           
  1088                           ;I2C.c: 78:     SSPCON2bits.RCEN = 1;
  1089     00EF  1683               	bsf	3,5	;RP0=1, select bank1
  1090     00F0  1303               	bcf	3,6	;RP1=0, select bank1
  1091     00F1  1591               	bsf	17,3	;volatile
  1092                           
  1093                           ;I2C.c: 79:     I2C_Master_Wait();
  1094     00F2  120A  118A  2137  120A  118A  	fcall	_I2C_Master_Wait
  1095     00F7                     l851:
  1096                           
  1097                           ;I2C.c: 80:     temp = SSPBUF;
  1098     00F7  1283               	bcf	3,5	;RP0=0, select bank0
  1099     00F8  1303               	bcf	3,6	;RP1=0, select bank0
  1100     00F9  0813               	movf	19,w	;volatile
  1101     00FA  00F4               	movwf	??_I2C_Master_Read
  1102     00FB  01F5               	clrf	??_I2C_Master_Read+1
  1103     00FC  0874               	movf	??_I2C_Master_Read,w
  1104     00FD  00F6               	movwf	I2C_Master_Read@temp
  1105     00FE  0875               	movf	??_I2C_Master_Read+1,w
  1106     00FF  00F7               	movwf	I2C_Master_Read@temp+1
  1107     0100                     l853:
  1108                           
  1109                           ;I2C.c: 81:     I2C_Master_Wait();
  1110     0100  120A  118A  2137  120A  118A  	fcall	_I2C_Master_Wait
  1111     0105                     l855:
  1112                           
  1113                           ;I2C.c: 82:     if(a == 1){
  1114     0105  0372               	decf	I2C_Master_Read@a,w
  1115     0106  0473               	iorwf	I2C_Master_Read@a+1,w
  1116     0107  1D03               	btfss	3,2
  1117     0108  290A               	goto	u201
  1118     0109  290B               	goto	u200
  1119     010A                     u201:
  1120     010A  290F               	goto	l92
  1121     010B                     u200:
  1122     010B                     l857:
  1123                           
  1124                           ;I2C.c: 83:         SSPCON2bits.ACKDT = 0;
  1125     010B  1683               	bsf	3,5	;RP0=1, select bank1
  1126     010C  1303               	bcf	3,6	;RP1=0, select bank1
  1127     010D  1291               	bcf	17,5	;volatile
  1128                           
  1129                           ;I2C.c: 84:     }else{
  1130     010E  2912               	goto	l93
  1131     010F                     l92:
  1132                           
  1133                           ;I2C.c: 85:         SSPCON2bits.ACKDT = 1;
  1134     010F  1683               	bsf	3,5	;RP0=1, select bank1
  1135     0110  1303               	bcf	3,6	;RP1=0, select bank1
  1136     0111  1691               	bsf	17,5	;volatile
  1137     0112                     l93:	
  1138                           ;I2C.c: 86:     }
  1139                           
  1140                           
  1141                           ;I2C.c: 87:     SSPCON2bits.ACKEN = 1;
  1142     0112  1611               	bsf	17,4	;volatile
  1143     0113                     l859:
  1144                           
  1145                           ;I2C.c: 88:     return temp;
  1146     0113  0877               	movf	I2C_Master_Read@temp+1,w
  1147     0114  00F3               	movwf	?_I2C_Master_Read+1
  1148     0115  0876               	movf	I2C_Master_Read@temp,w
  1149     0116  00F2               	movwf	?_I2C_Master_Read
  1150     0117                     l94:
  1151     0117  0008               	return
  1152     0118                     __end_of_I2C_Master_Read:
  1153                           
  1154                           	psect	text8
  1155     0137                     __ptext8:	
  1156 ;; *************** function _I2C_Master_Wait *****************
  1157 ;; Defined at:
  1158 ;;		line 32 in file "I2C.c"
  1159 ;; Parameters:    Size  Location     Type
  1160 ;;		None
  1161 ;; Auto vars:     Size  Location     Type
  1162 ;;		None
  1163 ;; Return value:  Size  Location     Type
  1164 ;;                  1    wreg      void 
  1165 ;; Registers used:
  1166 ;;		wreg, status,2
  1167 ;; Tracked objects:
  1168 ;;		On entry : 0/0
  1169 ;;		On exit  : 0/0
  1170 ;;		Unchanged: 0/0
  1171 ;; Data sizes:     COMMON   BANK0   BANK1   BANK3   BANK2
  1172 ;;      Params:         0       0       0       0       0
  1173 ;;      Locals:         0       0       0       0       0
  1174 ;;      Temps:          0       0       0       0       0
  1175 ;;      Totals:         0       0       0       0       0
  1176 ;;Total ram usage:        0 bytes
  1177 ;; Hardware stack levels used: 1
  1178 ;; Hardware stack levels required when called: 1
  1179 ;; This function calls:
  1180 ;;		Nothing
  1181 ;; This function is called by:
  1182 ;;		_I2C_Master_Start
  1183 ;;		_I2C_Master_Stop
  1184 ;;		_I2C_Master_Write
  1185 ;;		_I2C_Master_Read
  1186 ;;		_I2C_Master_RepeatedStart
  1187 ;; This function uses a non-reentrant model
  1188 ;;
  1189                           
  1190     0137                     _I2C_Master_Wait:	
  1191                           ;psect for function _I2C_Master_Wait
  1192                           
  1193     0137                     l727:	
  1194                           ;incstack = 0
  1195                           ; Regs used in _I2C_Master_Wait: [wreg+status,2]
  1196                           
  1197     0137                     l74:	
  1198                           ;I2C.c: 34:     while ((SSPSTAT & 0x04) || (SSPCON2 & 0x1F));
  1199                           
  1200     0137  1683               	bsf	3,5	;RP0=1, select bank1
  1201     0138  1303               	bcf	3,6	;RP1=0, select bank1
  1202     0139  1914               	btfsc	20,2	;volatile
  1203     013A  293C               	goto	u91
  1204     013B  293D               	goto	u90
  1205     013C                     u91:
  1206     013C  2937               	goto	l74
  1207     013D                     u90:
  1208     013D                     l729:
  1209     013D  0811               	movf	17,w	;volatile
  1210     013E  391F               	andlw	31
  1211     013F  1D03               	btfss	3,2
  1212     0140  2942               	goto	u101
  1213     0141  2943               	goto	u100
  1214     0142                     u101:
  1215     0142  2937               	goto	l74
  1216     0143                     u100:
  1217     0143                     l77:
  1218     0143  0008               	return
  1219     0144                     __end_of_I2C_Master_Wait:
  1220                           
  1221                           	psect	text9
  1222     0160                     __ptext9:	
  1223 ;; *************** function _isr *****************
  1224 ;; Defined at:
  1225 ;;		line 42 in file "Lab4_Master.c"
  1226 ;; Parameters:    Size  Location     Type
  1227 ;;		None
  1228 ;; Auto vars:     Size  Location     Type
  1229 ;;		None
  1230 ;; Return value:  Size  Location     Type
  1231 ;;                  1    wreg      void 
  1232 ;; Registers used:
  1233 ;;		None
  1234 ;; Tracked objects:
  1235 ;;		On entry : 0/0
  1236 ;;		On exit  : 0/0
  1237 ;;		Unchanged: 0/0
  1238 ;; Data sizes:     COMMON   BANK0   BANK1   BANK3   BANK2
  1239 ;;      Params:         0       0       0       0       0
  1240 ;;      Locals:         0       0       0       0       0
  1241 ;;      Temps:          2       0       0       0       0
  1242 ;;      Totals:         2       0       0       0       0
  1243 ;;Total ram usage:        2 bytes
  1244 ;; Hardware stack levels used: 1
  1245 ;; This function calls:
  1246 ;;		Nothing
  1247 ;; This function is called by:
  1248 ;;		Interrupt level 1
  1249 ;; This function uses a non-reentrant model
  1250 ;;
  1251                           
  1252     0160                     _isr:	
  1253                           ;psect for function _isr
  1254                           
  1255     0160                     i1l31:
  1256     0160  0871               	movf	??_isr+1,w
  1257     0161  008A               	movwf	10
  1258     0162  0E70               	swapf	??_isr,w
  1259     0163  0083               	movwf	3
  1260     0164  0EFE               	swapf	btemp,f
  1261     0165  0E7E               	swapf	btemp,w
  1262     0166  0009               	retfie
  1263     0167                     __end_of_isr:
  1264     007E                     btemp	set	126	;btemp
  1265     007E                     wtemp0	set	126
  1266                           
  1267                           	psect	intentry
  1268     0004                     __pintentry:	
  1269                           ;incstack = 0
  1270                           ; Regs used in _isr: []
  1271                           
  1272     0004                     interrupt_function:
  1273     007E                     saved_w	set	btemp
  1274     0004  00FE               	movwf	btemp
  1275     0005  0E03               	swapf	3,w
  1276     0006  00F0               	movwf	??_isr
  1277     0007  080A               	movf	10,w
  1278     0008  00F1               	movwf	??_isr+1
  1279     0009  120A  118A  2960   	ljmp	_isr
  1280                           
  1281                           	psect	config
  1282                           
  1283                           ;Config register CONFIG1 @ 0x2007
  1284                           ;	Oscillator Selection bits
  1285                           ;	FOSC = INTRC_NOCLKOUT, INTOSCIO oscillator: I/O function on RA6/OSC2/CLKOUT pin, I/O f
      +                          unction on RA7/OSC1/CLKIN
  1286                           ;	Watchdog Timer Enable bit
  1287                           ;	WDTE = OFF, WDT disabled and can be enabled by SWDTEN bit of the WDTCON register
  1288                           ;	Power-up Timer Enable bit
  1289                           ;	PWRTE = OFF, PWRT disabled
  1290                           ;	RE3/MCLR pin function select bit
  1291                           ;	MCLRE = OFF, RE3/MCLR pin function is digital input, MCLR internally tied to VDD
  1292                           ;	Code Protection bit
  1293                           ;	CP = OFF, Program memory code protection is disabled
  1294                           ;	Data Code Protection bit
  1295                           ;	CPD = OFF, Data memory code protection is disabled
  1296                           ;	Brown Out Reset Selection bits
  1297                           ;	BOREN = OFF, BOR disabled
  1298                           ;	Internal External Switchover bit
  1299                           ;	IESO = OFF, Internal/External Switchover mode is disabled
  1300                           ;	Fail-Safe Clock Monitor Enabled bit
  1301                           ;	FCMEN = OFF, Fail-Safe Clock Monitor is disabled
  1302                           ;	Low Voltage Programming Enable bit
  1303                           ;	LVP = OFF, RB3 pin has digital I/O, HV on MCLR must be used for programming
  1304                           ;	In-Circuit Debugger Mode bit
  1305                           ;	DEBUG = 0x1, unprogrammed default
  1306     2007                     	org	8199
  1307     2007  20D4               	dw	8404
  1308                           
  1309                           ;Config register CONFIG2 @ 0x2008
  1310                           ;	Brown-out Reset Selection bit
  1311                           ;	BOR4V = BOR40V, Brown-out Reset set to 4.0V
  1312                           ;	Flash Program Memory Self Write Enable bits
  1313                           ;	WRT = OFF, Write protection off
  1314     2008                     	org	8200
  1315     2008  3FFF               	dw	16383

Data Sizes:
    Strings     0
    Constant    0
    Data        0
    BSS         0
    Persistent  0
    Stack       0

Auto Spaces:
    Space          Size  Autos    Used
    COMMON           14     11      11
    BANK0            80     16      16
    BANK1            80      0       0
    BANK3            96      0       0
    BANK2            96      0       0

Pointer List with Targets:

    None.

Critical Paths under _main in COMMON

    _I2C_Master_Init->___lldiv

Critical Paths under _isr in COMMON

    None.

Critical Paths under _main in BANK0

    _setup->_I2C_Master_Init
    _I2C_Master_Init->___lldiv

Critical Paths under _isr in BANK0

    None.

Critical Paths under _main in BANK1

    None.

Critical Paths under _isr in BANK1

    None.

Critical Paths under _main in BANK3

    None.

Critical Paths under _isr in BANK3

    None.

Critical Paths under _main in BANK2

    None.

Critical Paths under _isr in BANK2

    None.

Call Graph Tables:

 ---------------------------------------------------------------------------------
 (Depth) Function   	        Calls       Base Space   Used Autos Params    Refs
 ---------------------------------------------------------------------------------
 (0) _main                                                 3     3      0     631
                                             13 BANK0      3     3      0
                    _I2C_Master_Read
                   _I2C_Master_Start
                    _I2C_Master_Stop
                   _I2C_Master_Write
                              _setup
 ---------------------------------------------------------------------------------
 (1) _setup                                                0     0      0     412
                    _I2C_Master_Init
 ---------------------------------------------------------------------------------
 (2) _I2C_Master_Init                                      8     4      4     412
                                              5 BANK0      8     4      4
                            ___lldiv
 ---------------------------------------------------------------------------------
 (3) ___lldiv                                             14     6      8     314
                                              2 COMMON     9     1      8
                                              0 BANK0      5     5      0
 ---------------------------------------------------------------------------------
 (1) _I2C_Master_Write                                     2     0      2      98
                                              2 COMMON     2     0      2
                    _I2C_Master_Wait
 ---------------------------------------------------------------------------------
 (1) _I2C_Master_Stop                                      0     0      0       0
                    _I2C_Master_Wait
 ---------------------------------------------------------------------------------
 (1) _I2C_Master_Start                                     0     0      0       0
                    _I2C_Master_Wait
 ---------------------------------------------------------------------------------
 (1) _I2C_Master_Read                                      6     4      2     121
                                              2 COMMON     6     4      2
                    _I2C_Master_Wait
 ---------------------------------------------------------------------------------
 (2) _I2C_Master_Wait                                      0     0      0       0
 ---------------------------------------------------------------------------------
 Estimated maximum stack depth 3
 ---------------------------------------------------------------------------------
 (Depth) Function   	        Calls       Base Space   Used Autos Params    Refs
 ---------------------------------------------------------------------------------
 (4) _isr                                                  2     2      0       0
                                              0 COMMON     2     2      0
 ---------------------------------------------------------------------------------
 Estimated maximum stack depth 4
 ---------------------------------------------------------------------------------

 Call Graph Graphs:

 _main (ROOT)
   _I2C_Master_Read
     _I2C_Master_Wait
   _I2C_Master_Start
     _I2C_Master_Wait
   _I2C_Master_Stop
     _I2C_Master_Wait
   _I2C_Master_Write
     _I2C_Master_Wait
   _setup
     _I2C_Master_Init
       ___lldiv

 _isr (ROOT)

 Address spaces:
Name               Size   Autos  Total    Cost      Usage
BITCOMMON            E      0       0       0        0.0%
EEDATA             100      0       0       0        0.0%
NULL                 0      0       0       0        0.0%
CODE                 0      0       0       0        0.0%
COMMON               E      B       B       1       78.6%
BITSFR0              0      0       0       1        0.0%
SFR0                 0      0       0       1        0.0%
BITSFR1              0      0       0       2        0.0%
SFR1                 0      0       0       2        0.0%
STACK                0      0       0       2        0.0%
ABS                  0      0       0       3        0.0%
BITBANK0            50      0       0       4        0.0%
BITSFR3              0      0       0       4        0.0%
SFR3                 0      0       0       4        0.0%
BANK0               50     10      10       5       20.0%
BITSFR2              0      0       0       5        0.0%
SFR2                 0      0       0       5        0.0%
BITBANK1            50      0       0       6        0.0%
BANK1               50      0       0       7        0.0%
BITBANK3            60      0       0       8        0.0%
BANK3               60      0       0       9        0.0%
BITBANK2            60      0       0      10        0.0%
BANK2               60      0       0      11        0.0%
DATA                 0      0       0      12        0.0%


Microchip Technology PIC Macro Assembler V2.41 build 20230208172133 
Symbol Table                                                                                   Mon Aug 07 09:33:41 2023

                      l42 0136                        l71 00B2                        l80 015F  
                      l74 0137                        l92 010F                        l77 0143  
                      l93 0112                        l94 0117                        l86 0156  
                      l89 014D                        u90 013D                        u91 013C  
                     l219 007A                       l801 0028                       l811 0054  
                     l803 0031                       l741 015C                       l813 0062  
                     l805 0035                       l727 0137                       l815 0063  
                     l807 0039                       l831 00B0                       l823 007B  
                     l729 013D                       l817 006C                       l809 0042  
                     l833 00B1                       l825 007F                       l841 0127  
                     l851 00F7                       l739 0157                       l763 014E  
                     l843 0144                       l819 0072                       l827 0082  
                     l835 0118                       l853 0100                       l765 0153  
                     l845 0149                       l829 00AF                       l837 0122  
                     l855 0105                       l847 00EA                       l839 0126  
                     l871 00D2                       l863 00B3                       l857 010B  
                     l849 00EF                       l873 00D7                       l865 00B8  
                     l859 0113                       l867 00BD                       l797 0013  
                     l869 00C6                       l799 0025                       _GIE 005F  
                     u100 0143                       u101 0142                       u200 010B  
                     u120 0025                       u201 010A                       u121 0024  
                     u140 0039                       u141 0038                       u135 002A  
                     u160 0054                       u161 0053                       u217 00DF  
                     u155 003B                       u180 0072                       u181 0071  
                     u165 0050                       u190 0092                       u175 0064  
                     u195 008D                       _SCS 0478                       _isr 0160  
                    ?_isr 0070                      _PEIE 005E                      i1l31 0160  
                    _main 00B3                      btemp 007E                      start 000C  
                   ??_isr 0070          ?_I2C_Master_Init 0025          ?_I2C_Master_Read 0072  
        ?_I2C_Master_Wait 0070          ?_I2C_Master_Stop 0070                     ?_main 0070  
                   _ANSEL 0188           __end_of___lldiv 007B                     _PORTA 0005  
                   _TRISA 0085                     _SSPIE 0463                     _SSPIF 0063  
                   _setup 0118                     pclath 000A                     status 0003  
                   wtemp0 007E           __initialization 000F              __end_of_main 00EA  
                  ??_main 002D         ?_I2C_Master_Start 0070         ?_I2C_Master_Write 0072  
      ??_I2C_Master_Start 0072        ??_I2C_Master_Write 0074                    ?_setup 0070  
                  _ANSELH 0189                    _SSPADD 0093                    _TRISC3 043B  
                  _TRISC4 043C                    _SSPCON 0014                    _SSPBUF 0013  
               ??___lldiv 007A                    saved_w 007E   __end_of__initialization 000F  
          __pcstackCOMMON 0070             __end_of_setup 0137                   ??_setup 007B  
              __pmaintext 00B3                __pintentry 0004                   _SSPCON2 0091  
                 _SSPSTAT 0094                   ___lldiv 0013                   __ptext1 0118  
                 __ptext2 007B                   __ptext3 0013                   __ptext4 0144  
                 __ptext5 014E                   __ptext6 0157                   __ptext7 00EA  
                 __ptext8 0137                   __ptext9 0160      end_of_initialization 000F  
         ___lldiv@divisor 0072           ___lldiv@counter 0024          I2C_Master_Init@c 0025  
        I2C_Master_Read@a 0072                 _TRISCbits 0087       start_initialization 000F  
             __end_of_isr 0167         ??_I2C_Master_Init 0029         ??_I2C_Master_Read 0074  
       ??_I2C_Master_Wait 0072         ??_I2C_Master_Stop 0072                 ___latbits 0002  
           __pcstackBANK0 0020          _I2C_Master_Start 0157          _I2C_Master_Write 0144  
                ?___lldiv 0072         interrupt_function 0004       I2C_Master_Read@temp 0076  
         _I2C_Master_Init 007B           _I2C_Master_Read 00EA           _I2C_Master_Wait 0137  
         _I2C_Master_Stop 014E  __end_of_I2C_Master_Start 0160  __end_of_I2C_Master_Write 014E  
                intlevel1 0000          ___lldiv@dividend 0076                _OSCCONbits 008F  
 __end_of_I2C_Master_Init 00B3   __end_of_I2C_Master_Read 0118   __end_of_I2C_Master_Wait 0144  
 __end_of_I2C_Master_Stop 0157          ___lldiv@quotient 0020         I2C_Master_Write@d 0072  
             _SSPCON2bits 0091  
