

Microchip MPLAB XC8 Assembler V2.41 build 20230208172133 
                                                                                               Thu Aug 10 22:33:54 2023

Microchip MPLAB XC8 C Compiler v2.41 (Free license) build 20230208172133 Og1 
     1                           	processor	16F887
     2                           	pagewidth 120
     3                           	opt	flic
     4                           	psect	cinit,global,class=CODE,merge=1,delta=2
     5                           	psect	bssCOMMON,global,class=COMMON,space=1,delta=1,noexec
     6                           	psect	cstackCOMMON,global,class=COMMON,space=1,delta=1,noexec
     7                           	psect	cstackBANK0,global,class=BANK0,space=1,delta=1,noexec
     8                           	psect	maintext,global,class=CODE,split=1,delta=2
     9                           	psect	text1,local,class=CODE,merge=1,delta=2
    10                           	psect	text2,local,class=CODE,merge=1,delta=2
    11                           	psect	text3,local,class=CODE,merge=1,delta=2
    12                           	psect	text4,local,class=CODE,merge=1,delta=2
    13                           	psect	text5,local,class=CODE,merge=1,delta=2,group=1
    14                           	psect	text6,local,class=CODE,merge=1,delta=2,group=1
    15                           	psect	text7,local,class=CODE,merge=1,delta=2
    16                           	psect	text8,local,class=CODE,merge=1,delta=2
    17                           	psect	intentry,global,class=CODE,delta=2
    18                           	psect	config,global,abs,ovrld,class=CONFIG,space=4,delta=2,noexec
    19                           	dabs	1,0x7E,2
    20     0000                     
    21                           ; Generated 22/03/2023 GMT
    22                           ; 
    23                           ; Copyright © 2023, Microchip Technology Inc. and its subsidiaries ("Microchip")
    24                           ; All rights reserved.
    25                           ; 
    26                           ; This software is developed by Microchip Technology Inc. and its subsidiaries ("Microch
      +                          ip").
    27                           ; 
    28                           ; Redistribution and use in source and binary forms, with or without modification, are
    29                           ; permitted provided that the following conditions are met:
    30                           ; 
    31                           ;     1. Redistributions of source code must retain the above copyright notice, this lis
      +                          t of
    32                           ;        conditions and the following disclaimer.
    33                           ; 
    34                           ;     2. Redistributions in binary form must reproduce the above copyright notice, this 
      +                          list
    35                           ;        of conditions and the following disclaimer in the documentation and/or other
    36                           ;        materials provided with the distribution. Publication is not required when
    37                           ;        this file is used in an embedded application.
    38                           ; 
    39                           ;     3. Microchip's name may not be used to endorse or promote products derived from th
      +                          is
    40                           ;        software without specific prior written permission.
    41                           ; 
    42                           ; THIS SOFTWARE IS PROVIDED BY MICROCHIP "AS IS" AND ANY EXPRESS OR IMPLIED WARRANTIES,
    43                           ; INCLUDING, BUT NOT LIMITED TO, THE IMPLIED WARRANTIES OF MERCHANTABILITY AND FITNESS F
      +                          OR
    44                           ; PURPOSE ARE DISCLAIMED.  IN NO EVENT SHALL MICROCHIP BE LIABLE FOR ANY DIRECT, INDIREC
      +                          T,
    45                           ; INCIDENTAL, SPECIAL, EXEMPLARY, OR CONSEQUENTIAL DAMAGES (INCLUDING BUT NOT LIMITED TO
    46                           ; PROCUREMENT OF SUBSTITUTE GOODS OR SERVICES; LOSS OF USE, DATA OR PROFITS; OR BUSINESS
    47                           ; INTERRUPTION) HOWSOEVER CAUSED AND ON ANY THEORY OF LIABILITY, WHETHER IN CONTRACT, ST
      +                          RICT
    48                           ; LIABILITY, OR TORT (INCLUDING NEGLIGENCE OR OTHERWISE) ARISING IN ANY WAY OUT OF THE U
      +                          SE OF
    49                           ; THIS SOFTWARE, EVEN IF ADVISED OF THE POSSIBILITY OF SUCH DAMAGE.
    50                           ; 
    51                           ; 
    52                           ; Code-generator required, PIC16F887 Definitions
    53                           ; 
    54                           ; SFR Addresses
    55     0000                     	;# 
    56     0001                     	;# 
    57     0002                     	;# 
    58     0003                     	;# 
    59     0004                     	;# 
    60     0005                     	;# 
    61     0006                     	;# 
    62     0007                     	;# 
    63     0008                     	;# 
    64     0009                     	;# 
    65     000A                     	;# 
    66     000B                     	;# 
    67     000C                     	;# 
    68     000D                     	;# 
    69     000E                     	;# 
    70     000E                     	;# 
    71     000F                     	;# 
    72     0010                     	;# 
    73     0011                     	;# 
    74     0012                     	;# 
    75     0013                     	;# 
    76     0014                     	;# 
    77     0015                     	;# 
    78     0015                     	;# 
    79     0016                     	;# 
    80     0017                     	;# 
    81     0018                     	;# 
    82     0019                     	;# 
    83     001A                     	;# 
    84     001B                     	;# 
    85     001B                     	;# 
    86     001C                     	;# 
    87     001D                     	;# 
    88     001E                     	;# 
    89     001F                     	;# 
    90     0081                     	;# 
    91     0085                     	;# 
    92     0086                     	;# 
    93     0087                     	;# 
    94     0088                     	;# 
    95     0089                     	;# 
    96     008C                     	;# 
    97     008D                     	;# 
    98     008E                     	;# 
    99     008F                     	;# 
   100     0090                     	;# 
   101     0091                     	;# 
   102     0092                     	;# 
   103     0093                     	;# 
   104     0093                     	;# 
   105     0093                     	;# 
   106     0094                     	;# 
   107     0095                     	;# 
   108     0096                     	;# 
   109     0097                     	;# 
   110     0098                     	;# 
   111     0099                     	;# 
   112     009A                     	;# 
   113     009B                     	;# 
   114     009C                     	;# 
   115     009D                     	;# 
   116     009E                     	;# 
   117     009F                     	;# 
   118     0105                     	;# 
   119     0107                     	;# 
   120     0108                     	;# 
   121     0109                     	;# 
   122     010C                     	;# 
   123     010C                     	;# 
   124     010D                     	;# 
   125     010E                     	;# 
   126     010F                     	;# 
   127     0185                     	;# 
   128     0187                     	;# 
   129     0188                     	;# 
   130     0189                     	;# 
   131     018C                     	;# 
   132     018D                     	;# 
   133     0000                     	;# 
   134     0001                     	;# 
   135     0002                     	;# 
   136     0003                     	;# 
   137     0004                     	;# 
   138     0005                     	;# 
   139     0006                     	;# 
   140     0007                     	;# 
   141     0008                     	;# 
   142     0009                     	;# 
   143     000A                     	;# 
   144     000B                     	;# 
   145     000C                     	;# 
   146     000D                     	;# 
   147     000E                     	;# 
   148     000E                     	;# 
   149     000F                     	;# 
   150     0010                     	;# 
   151     0011                     	;# 
   152     0012                     	;# 
   153     0013                     	;# 
   154     0014                     	;# 
   155     0015                     	;# 
   156     0015                     	;# 
   157     0016                     	;# 
   158     0017                     	;# 
   159     0018                     	;# 
   160     0019                     	;# 
   161     001A                     	;# 
   162     001B                     	;# 
   163     001B                     	;# 
   164     001C                     	;# 
   165     001D                     	;# 
   166     001E                     	;# 
   167     001F                     	;# 
   168     0081                     	;# 
   169     0085                     	;# 
   170     0086                     	;# 
   171     0087                     	;# 
   172     0088                     	;# 
   173     0089                     	;# 
   174     008C                     	;# 
   175     008D                     	;# 
   176     008E                     	;# 
   177     008F                     	;# 
   178     0090                     	;# 
   179     0091                     	;# 
   180     0092                     	;# 
   181     0093                     	;# 
   182     0093                     	;# 
   183     0093                     	;# 
   184     0094                     	;# 
   185     0095                     	;# 
   186     0096                     	;# 
   187     0097                     	;# 
   188     0098                     	;# 
   189     0099                     	;# 
   190     009A                     	;# 
   191     009B                     	;# 
   192     009C                     	;# 
   193     009D                     	;# 
   194     009E                     	;# 
   195     009F                     	;# 
   196     0105                     	;# 
   197     0107                     	;# 
   198     0108                     	;# 
   199     0109                     	;# 
   200     010C                     	;# 
   201     010C                     	;# 
   202     010D                     	;# 
   203     010E                     	;# 
   204     010F                     	;# 
   205     0185                     	;# 
   206     0187                     	;# 
   207     0188                     	;# 
   208     0189                     	;# 
   209     018C                     	;# 
   210     018D                     	;# 
   211     0000                     	;# 
   212     0001                     	;# 
   213     0002                     	;# 
   214     0003                     	;# 
   215     0004                     	;# 
   216     0005                     	;# 
   217     0006                     	;# 
   218     0007                     	;# 
   219     0008                     	;# 
   220     0009                     	;# 
   221     000A                     	;# 
   222     000B                     	;# 
   223     000C                     	;# 
   224     000D                     	;# 
   225     000E                     	;# 
   226     000E                     	;# 
   227     000F                     	;# 
   228     0010                     	;# 
   229     0011                     	;# 
   230     0012                     	;# 
   231     0013                     	;# 
   232     0014                     	;# 
   233     0015                     	;# 
   234     0015                     	;# 
   235     0016                     	;# 
   236     0017                     	;# 
   237     0018                     	;# 
   238     0019                     	;# 
   239     001A                     	;# 
   240     001B                     	;# 
   241     001B                     	;# 
   242     001C                     	;# 
   243     001D                     	;# 
   244     001E                     	;# 
   245     001F                     	;# 
   246     0081                     	;# 
   247     0085                     	;# 
   248     0086                     	;# 
   249     0087                     	;# 
   250     0088                     	;# 
   251     0089                     	;# 
   252     008C                     	;# 
   253     008D                     	;# 
   254     008E                     	;# 
   255     008F                     	;# 
   256     0090                     	;# 
   257     0091                     	;# 
   258     0092                     	;# 
   259     0093                     	;# 
   260     0093                     	;# 
   261     0093                     	;# 
   262     0094                     	;# 
   263     0095                     	;# 
   264     0096                     	;# 
   265     0097                     	;# 
   266     0098                     	;# 
   267     0099                     	;# 
   268     009A                     	;# 
   269     009B                     	;# 
   270     009C                     	;# 
   271     009D                     	;# 
   272     009E                     	;# 
   273     009F                     	;# 
   274     0105                     	;# 
   275     0107                     	;# 
   276     0108                     	;# 
   277     0109                     	;# 
   278     010C                     	;# 
   279     010C                     	;# 
   280     010D                     	;# 
   281     010E                     	;# 
   282     010F                     	;# 
   283     0185                     	;# 
   284     0187                     	;# 
   285     0188                     	;# 
   286     0189                     	;# 
   287     018C                     	;# 
   288     018D                     	;# 
   289     0000                     	;# 
   290     0001                     	;# 
   291     0002                     	;# 
   292     0003                     	;# 
   293     0004                     	;# 
   294     0005                     	;# 
   295     0006                     	;# 
   296     0007                     	;# 
   297     0008                     	;# 
   298     0009                     	;# 
   299     000A                     	;# 
   300     000B                     	;# 
   301     000C                     	;# 
   302     000D                     	;# 
   303     000E                     	;# 
   304     000E                     	;# 
   305     000F                     	;# 
   306     0010                     	;# 
   307     0011                     	;# 
   308     0012                     	;# 
   309     0013                     	;# 
   310     0014                     	;# 
   311     0015                     	;# 
   312     0015                     	;# 
   313     0016                     	;# 
   314     0017                     	;# 
   315     0018                     	;# 
   316     0019                     	;# 
   317     001A                     	;# 
   318     001B                     	;# 
   319     001B                     	;# 
   320     001C                     	;# 
   321     001D                     	;# 
   322     001E                     	;# 
   323     001F                     	;# 
   324     0081                     	;# 
   325     0085                     	;# 
   326     0086                     	;# 
   327     0087                     	;# 
   328     0088                     	;# 
   329     0089                     	;# 
   330     008C                     	;# 
   331     008D                     	;# 
   332     008E                     	;# 
   333     008F                     	;# 
   334     0090                     	;# 
   335     0091                     	;# 
   336     0092                     	;# 
   337     0093                     	;# 
   338     0093                     	;# 
   339     0093                     	;# 
   340     0094                     	;# 
   341     0095                     	;# 
   342     0096                     	;# 
   343     0097                     	;# 
   344     0098                     	;# 
   345     0099                     	;# 
   346     009A                     	;# 
   347     009B                     	;# 
   348     009C                     	;# 
   349     009D                     	;# 
   350     009E                     	;# 
   351     009F                     	;# 
   352     0105                     	;# 
   353     0107                     	;# 
   354     0108                     	;# 
   355     0109                     	;# 
   356     010C                     	;# 
   357     010C                     	;# 
   358     010D                     	;# 
   359     010E                     	;# 
   360     010F                     	;# 
   361     0185                     	;# 
   362     0187                     	;# 
   363     0188                     	;# 
   364     0189                     	;# 
   365     018C                     	;# 
   366     018D                     	;# 
   367     0014                     _SSPCON	set	20
   368     001E                     _ADRESH	set	30
   369     001F                     _ADCON0bits	set	31
   370     0005                     _PORTA	set	5
   371     0008                     _PORTD	set	8
   372     0013                     _SSPBUF	set	19
   373     005E                     _PEIE	set	94
   374     005F                     _GIE	set	95
   375     00F8                     _ADON	set	248
   376     00A7                     _WCOL	set	167
   377     00A6                     _SSPOV	set	166
   378     00A4                     _CKP	set	164
   379     0063                     _SSPIF	set	99
   380     0091                     _SSPCON2bits	set	145
   381     0087                     _TRISCbits	set	135
   382     0094                     _SSPSTAT	set	148
   383     0093                     _SSPADD	set	147
   384     0091                     _SSPCON2	set	145
   385     009E                     _ADRESL	set	158
   386     008F                     _OSCCONbits	set	143
   387     0085                     _TRISA	set	133
   388     0463                     _SSPIE	set	1123
   389     043C                     _TRISC4	set	1084
   390     043B                     _TRISC3	set	1083
   391     04FD                     _VCFG1	set	1277
   392     04FC                     _VCFG0	set	1276
   393     04FF                     _ADFM	set	1279
   394     0478                     _SCS	set	1144
   395     04A0                     _BF	set	1184
   396     04A2                     _R_nW	set	1186
   397     04A5                     _D_nA	set	1189
   398     0189                     _ANSELH	set	393
   399     0188                     _ANSEL	set	392
   400                           
   401                           	psect	cinit
   402     000F                     start_initialization:	
   403                           ; #config settings
   404                           
   405     000F                     __initialization:
   406                           
   407                           ; Clear objects allocated to COMMON
   408     000F  01F9               	clrf	__pbssCOMMON& (0+127)
   409     0010  01FA               	clrf	(__pbssCOMMON+1)& (0+127)
   410     0011                     end_of_initialization:	
   411                           ;End of C runtime variable initialization code
   412                           
   413     0011                     __end_of__initialization:
   414     0011  0183               	clrf	3
   415     0012  120A  118A  2963   	ljmp	_main	;jump to C main() function
   416                           
   417                           	psect	bssCOMMON
   418     0079                     __pbssCOMMON:
   419     0079                     _temperatura:
   420     0079                     	ds	1
   421     007A                     _discard:
   422     007A                     	ds	1
   423                           
   424                           	psect	cstackCOMMON
   425     0070                     __pcstackCOMMON:
   426     0070                     ?_setup:
   427     0070                     ?_I2C_Slave_Init:	
   428                           ; 1 bytes @ 0x0
   429                           
   430     0070                     ?_isr:	
   431                           ; 1 bytes @ 0x0
   432                           
   433     0070                     ??_isr:	
   434                           ; 1 bytes @ 0x0
   435                           
   436     0070                     ?_main:	
   437                           ; 1 bytes @ 0x0
   438                           
   439                           
   440                           ; 2 bytes @ 0x0
   441     0070                     	ds	3
   442     0073                     ?_adc_init:
   443     0073                     ??_I2C_Slave_Init:	
   444                           ; 1 bytes @ 0x3
   445                           
   446     0073                     ?_adc_read:	
   447                           ; 1 bytes @ 0x3
   448                           
   449     0073                     ?___wmul:	
   450                           ; 2 bytes @ 0x3
   451                           
   452     0073                     adc_init@R:	
   453                           ; 2 bytes @ 0x3
   454                           
   455     0073                     I2C_Slave_Init@address:	
   456                           ; 1 bytes @ 0x3
   457                           
   458     0073                     ___wmul@multiplier:	
   459                           ; 1 bytes @ 0x3
   460                           
   461                           
   462                           ; 2 bytes @ 0x3
   463     0073                     	ds	1
   464     0074                     adc_init@clock:
   465                           
   466                           ; 1 bytes @ 0x4
   467     0074                     	ds	1
   468     0075                     ??_adc_read:
   469     0075                     adc_init@channel:	
   470                           ; 1 bytes @ 0x5
   471                           
   472     0075                     ___wmul@multiplicand:	
   473                           ; 1 bytes @ 0x5
   474                           
   475                           
   476                           ; 2 bytes @ 0x5
   477     0075                     	ds	1
   478     0076                     ??_adc_init:
   479                           
   480                           ; 1 bytes @ 0x6
   481     0076                     	ds	1
   482     0077                     ??___wmul:
   483     0077                     ___wmul@product:	
   484                           ; 1 bytes @ 0x7
   485                           
   486                           
   487                           ; 2 bytes @ 0x7
   488     0077                     	ds	1
   489     0078                     adc_init@J:
   490                           
   491                           ; 1 bytes @ 0x8
   492     0078                     	ds	1
   493     0079                     ??_setup:
   494     0079                     ??___awdiv:	
   495                           ; 1 bytes @ 0x9
   496                           
   497                           
   498                           	psect	cstackBANK0
   499     0020                     __pcstackBANK0:	
   500                           ; 1 bytes @ 0x9
   501                           
   502     0020                     ?___awdiv:
   503     0020                     ___awdiv@divisor:	
   504                           ; 2 bytes @ 0x0
   505                           
   506                           
   507                           ; 2 bytes @ 0x0
   508     0020                     	ds	2
   509     0022                     ___awdiv@dividend:
   510                           
   511                           ; 2 bytes @ 0x2
   512     0022                     	ds	2
   513     0024                     ___awdiv@counter:
   514                           
   515                           ; 1 bytes @ 0x4
   516     0024                     	ds	1
   517     0025                     ___awdiv@sign:
   518                           
   519                           ; 1 bytes @ 0x5
   520     0025                     	ds	1
   521     0026                     ___awdiv@quotient:
   522                           
   523                           ; 2 bytes @ 0x6
   524     0026                     	ds	2
   525     0028                     ?_map:
   526     0028                     map@min1:	
   527                           ; 1 bytes @ 0x8
   528                           
   529                           
   530                           ; 1 bytes @ 0x8
   531     0028                     	ds	1
   532     0029                     map@max1:
   533                           
   534                           ; 1 bytes @ 0x9
   535     0029                     	ds	1
   536     002A                     map@min2:
   537                           
   538                           ; 1 bytes @ 0xA
   539     002A                     	ds	1
   540     002B                     map@max2:
   541                           
   542                           ; 1 bytes @ 0xB
   543     002B                     	ds	1
   544     002C                     ??_map:
   545                           
   546                           ; 1 bytes @ 0xC
   547     002C                     	ds	2
   548     002E                     map@val:
   549                           
   550                           ; 1 bytes @ 0xE
   551     002E                     	ds	1
   552     002F                     ??_main:
   553                           
   554                           ; 1 bytes @ 0xF
   555     002F                     	ds	2
   556                           
   557                           	psect	maintext
   558     0163                     __pmaintext:	
   559 ;;
   560 ;;Main: autosize = 0, tempsize = 2, incstack = 0, save=0
   561 ;;
   562 ;; *************** function _main *****************
   563 ;; Defined at:
   564 ;;		line 86 in file "Lab4_Slave.c"
   565 ;; Parameters:    Size  Location     Type
   566 ;;		None
   567 ;; Auto vars:     Size  Location     Type
   568 ;;		None
   569 ;; Return value:  Size  Location     Type
   570 ;;                  2   68[None  ] int 
   571 ;; Registers used:
   572 ;;		wreg, fsr0l, fsr0h, status,2, status,0, btemp+1, pclath, cstack
   573 ;; Tracked objects:
   574 ;;		On entry : B00/0
   575 ;;		On exit  : 0/0
   576 ;;		Unchanged: 0/0
   577 ;; Data sizes:     COMMON   BANK0   BANK1   BANK3   BANK2
   578 ;;      Params:         0       0       0       0       0
   579 ;;      Locals:         0       0       0       0       0
   580 ;;      Temps:          0       2       0       0       0
   581 ;;      Totals:         0       2       0       0       0
   582 ;;Total ram usage:        2 bytes
   583 ;; Hardware stack levels required when called: 3
   584 ;; This function calls:
   585 ;;		_adc_read
   586 ;;		_map
   587 ;;		_setup
   588 ;; This function is called by:
   589 ;;		Startup code after reset
   590 ;; This function uses a non-reentrant model
   591 ;;
   592                           
   593     0163                     _main:	
   594                           ;psect for function _main
   595                           
   596     0163                     l1122:	
   597                           ;incstack = 0
   598                           ; Regs used in _main: [wreg-fsr0h+status,2+status,0+btemp+1+pclath+cstack]
   599                           
   600     0163  120A  118A  21AF  120A  118A  	fcall	_setup
   601     0168                     l1124:
   602     0168  300D               	movlw	13
   603     0169  1283               	bcf	3,5	;RP0=0, select bank0
   604     016A  1303               	bcf	3,6	;RP1=0, select bank0
   605     016B  00B0               	movwf	??_main+1
   606     016C  30FB               	movlw	251
   607     016D  00AF               	movwf	??_main
   608     016E                     u567:
   609     016E  0BAF               	decfsz	??_main,f
   610     016F  296E               	goto	u567
   611     0170  0BB0               	decfsz	??_main+1,f
   612     0171  296E               	goto	u567
   613     0172                     l1126:
   614     0172  1283               	bcf	3,5	;RP0=0, select bank0
   615     0173  1303               	bcf	3,6	;RP1=0, select bank0
   616     0174  01A8               	clrf	map@min1
   617     0175  30FF               	movlw	255
   618     0176  00A9               	movwf	map@max1
   619     0177  01AA               	clrf	map@min2
   620     0178  3046               	movlw	70
   621     0179  00AB               	movwf	map@max2
   622     017A  120A  118A  21EB  120A  118A  	fcall	_adc_read
   623     017F  0874               	movf	?_adc_read+1,w
   624     0180  120A  118A  2135  120A  118A  	fcall	_map
   625     0185  00F9               	movwf	_temperatura
   626     0186  2968               	goto	l1124
   627     0187  120A  118A  280C   	ljmp	start
   628     018A                     __end_of_main:
   629                           
   630                           	psect	text1
   631     01AF                     __ptext1:	
   632 ;; *************** function _setup *****************
   633 ;; Defined at:
   634 ;;		line 96 in file "Lab4_Slave.c"
   635 ;; Parameters:    Size  Location     Type
   636 ;;		None
   637 ;; Auto vars:     Size  Location     Type
   638 ;;		None
   639 ;; Return value:  Size  Location     Type
   640 ;;                  1    wreg      void 
   641 ;; Registers used:
   642 ;;		wreg, fsr0l, fsr0h, status,2, status,0, pclath, cstack
   643 ;; Tracked objects:
   644 ;;		On entry : 0/0
   645 ;;		On exit  : 0/0
   646 ;;		Unchanged: 0/0
   647 ;; Data sizes:     COMMON   BANK0   BANK1   BANK3   BANK2
   648 ;;      Params:         0       0       0       0       0
   649 ;;      Locals:         0       0       0       0       0
   650 ;;      Temps:          0       0       0       0       0
   651 ;;      Totals:         0       0       0       0       0
   652 ;;Total ram usage:        0 bytes
   653 ;; Hardware stack levels used: 1
   654 ;; Hardware stack levels required when called: 2
   655 ;; This function calls:
   656 ;;		_I2C_Slave_Init
   657 ;;		_adc_init
   658 ;; This function is called by:
   659 ;;		_main
   660 ;; This function uses a non-reentrant model
   661 ;;
   662                           
   663     01AF                     _setup:	
   664                           ;psect for function _setup
   665                           
   666     01AF                     l1068:	
   667                           ;incstack = 0
   668                           ; Regs used in _setup: [wreg-fsr0h+status,2+status,0+pclath+cstack]
   669                           
   670     01AF  30FF               	movlw	255
   671     01B0  1683               	bsf	3,5	;RP0=1, select bank1
   672     01B1  1303               	bcf	3,6	;RP1=0, select bank1
   673     01B2  0085               	movwf	5	;volatile
   674     01B3                     l1070:
   675     01B3  1283               	bcf	3,5	;RP0=0, select bank0
   676     01B4  1303               	bcf	3,6	;RP1=0, select bank0
   677     01B5  0185               	clrf	5	;volatile
   678     01B6                     l1072:
   679     01B6  3001               	movlw	1
   680     01B7  1683               	bsf	3,5	;RP0=1, select bank3
   681     01B8  1703               	bsf	3,6	;RP1=1, select bank3
   682     01B9  0088               	movwf	8	;volatile
   683     01BA  0189               	clrf	9	;volatile
   684     01BB                     l1074:
   685     01BB  3070               	movlw	112
   686     01BC  1683               	bsf	3,5	;RP0=1, select bank1
   687     01BD  1303               	bcf	3,6	;RP1=0, select bank1
   688     01BE  048F               	iorwf	15,f	;volatile
   689     01BF                     l1076:
   690     01BF  140F               	bsf	15,0	;volatile
   691     01C0                     l1078:
   692     01C0  01F3               	clrf	adc_init@R
   693     01C1  3008               	movlw	8
   694     01C2  00F4               	movwf	adc_init@clock
   695     01C3  01F5               	clrf	adc_init@channel
   696     01C4  3000               	movlw	0
   697     01C5  120A  118A  20DB  120A  118A  	fcall	_adc_init
   698     01CA                     l1080:
   699     01CA  3050               	movlw	80
   700     01CB  120A  118A  21D1  120A  118A  	fcall	_I2C_Slave_Init
   701     01D0                     l75:
   702     01D0  0008               	return
   703     01D1                     __end_of_setup:
   704                           
   705                           	psect	text2
   706     00DB                     __ptext2:	
   707 ;; *************** function _adc_init *****************
   708 ;; Defined at:
   709 ;;		line 4 in file "ADC_lib.c"
   710 ;; Parameters:    Size  Location     Type
   711 ;;  J               1    wreg     unsigned char 
   712 ;;  R               1    3[COMMON] unsigned char 
   713 ;;  clock           1    4[COMMON] unsigned char 
   714 ;;  channel         1    5[COMMON] unsigned char 
   715 ;; Auto vars:     Size  Location     Type
   716 ;;  J               1    8[COMMON] unsigned char 
   717 ;; Return value:  Size  Location     Type
   718 ;;                  1    wreg      void 
   719 ;; Registers used:
   720 ;;		wreg, fsr0l, fsr0h, status,2, status,0
   721 ;; Tracked objects:
   722 ;;		On entry : 0/0
   723 ;;		On exit  : 0/0
   724 ;;		Unchanged: 0/0
   725 ;; Data sizes:     COMMON   BANK0   BANK1   BANK3   BANK2
   726 ;;      Params:         3       0       0       0       0
   727 ;;      Locals:         1       0       0       0       0
   728 ;;      Temps:          2       0       0       0       0
   729 ;;      Totals:         6       0       0       0       0
   730 ;;Total ram usage:        6 bytes
   731 ;; Hardware stack levels used: 1
   732 ;; Hardware stack levels required when called: 1
   733 ;; This function calls:
   734 ;;		Nothing
   735 ;; This function is called by:
   736 ;;		_setup
   737 ;; This function uses a non-reentrant model
   738 ;;
   739                           
   740     00DB                     _adc_init:	
   741                           ;psect for function _adc_init
   742                           
   743                           
   744                           ;incstack = 0
   745                           ; Regs used in _adc_init: [wreg-fsr0h+status,2+status,0]
   746                           ;adc_init@J stored from wreg
   747     00DB  00F8               	movwf	adc_init@J
   748     00DC                     l988:
   749                           
   750                           ;ADC_lib.c: 13:     ADFM = J;
   751     00DC  1878               	btfsc	adc_init@J,0
   752     00DD  28DF               	goto	u351
   753     00DE  28E3               	goto	u350
   754     00DF                     u351:
   755     00DF  1683               	bsf	3,5	;RP0=1, select bank1
   756     00E0  1303               	bcf	3,6	;RP1=0, select bank1
   757     00E1  179F               	bsf	31,7	;volatile
   758     00E2  28E6               	goto	u364
   759     00E3                     u350:
   760     00E3  1683               	bsf	3,5	;RP0=1, select bank1
   761     00E4  1303               	bcf	3,6	;RP1=0, select bank1
   762     00E5  139F               	bcf	31,7	;volatile
   763     00E6                     u364:
   764                           
   765                           ;ADC_lib.c: 14:     VCFG0 = R;
   766     00E6  1873               	btfsc	adc_init@R,0
   767     00E7  28E9               	goto	u371
   768     00E8  28ED               	goto	u370
   769     00E9                     u371:
   770     00E9  1683               	bsf	3,5	;RP0=1, select bank1
   771     00EA  1303               	bcf	3,6	;RP1=0, select bank1
   772     00EB  161F               	bsf	31,4	;volatile
   773     00EC  28F0               	goto	u384
   774     00ED                     u370:
   775     00ED  1683               	bsf	3,5	;RP0=1, select bank1
   776     00EE  1303               	bcf	3,6	;RP1=0, select bank1
   777     00EF  121F               	bcf	31,4	;volatile
   778     00F0                     u384:
   779                           
   780                           ;ADC_lib.c: 15:     VCFG1 = R;
   781     00F0  1873               	btfsc	adc_init@R,0
   782     00F1  28F3               	goto	u391
   783     00F2  28F7               	goto	u390
   784     00F3                     u391:
   785     00F3  1683               	bsf	3,5	;RP0=1, select bank1
   786     00F4  1303               	bcf	3,6	;RP1=0, select bank1
   787     00F5  169F               	bsf	31,5	;volatile
   788     00F6  28FA               	goto	u404
   789     00F7                     u390:
   790     00F7  1683               	bsf	3,5	;RP0=1, select bank1
   791     00F8  1303               	bcf	3,6	;RP1=0, select bank1
   792     00F9  129F               	bcf	31,5	;volatile
   793     00FA                     u404:
   794                           
   795                           ;ADC_lib.c: 17:     switch(clock){
   796     00FA  2913               	goto	l1000
   797     00FB                     l990:
   798                           
   799                           ;ADC_lib.c: 19:             ADCON0bits.ADCS = 0b00;
   800     00FB  303F               	movlw	-193
   801     00FC  1283               	bcf	3,5	;RP0=0, select bank0
   802     00FD  1303               	bcf	3,6	;RP1=0, select bank0
   803     00FE  059F               	andwf	31,f	;volatile
   804                           
   805                           ;ADC_lib.c: 21:             break;
   806     00FF  2929               	goto	l1002
   807     0100                     l992:
   808                           
   809                           ;ADC_lib.c: 23:             ADCON0bits.ADCS = 0b01;
   810     0100  1283               	bcf	3,5	;RP0=0, select bank0
   811     0101  1303               	bcf	3,6	;RP1=0, select bank0
   812     0102  081F               	movf	31,w	;volatile
   813     0103  393F               	andlw	-193
   814     0104  3840               	iorlw	64
   815     0105  009F               	movwf	31	;volatile
   816                           
   817                           ;ADC_lib.c: 25:             break;
   818     0106  2929               	goto	l1002
   819     0107                     l994:
   820                           
   821                           ;ADC_lib.c: 27:             ADCON0bits.ADCS = 0b10;
   822     0107  1283               	bcf	3,5	;RP0=0, select bank0
   823     0108  1303               	bcf	3,6	;RP1=0, select bank0
   824     0109  081F               	movf	31,w	;volatile
   825     010A  393F               	andlw	-193
   826     010B  3880               	iorlw	128
   827     010C  009F               	movwf	31	;volatile
   828                           
   829                           ;ADC_lib.c: 29:             break;
   830     010D  2929               	goto	l1002
   831     010E                     l996:
   832                           
   833                           ;ADC_lib.c: 31:             ADCON0bits.ADCS = 0b11;
   834     010E  30C0               	movlw	192
   835     010F  1283               	bcf	3,5	;RP0=0, select bank0
   836     0110  1303               	bcf	3,6	;RP1=0, select bank0
   837     0111  049F               	iorwf	31,f	;volatile
   838                           
   839                           ;ADC_lib.c: 33:             break;
   840     0112  2929               	goto	l1002
   841     0113                     l1000:
   842     0113  0874               	movf	adc_init@clock,w
   843     0114  00F6               	movwf	??_adc_init
   844     0115  01F7               	clrf	??_adc_init+1
   845                           
   846                           ; Switch on 2 bytes has been partitioned into a top level switch of size 1, and 1 sub-sw
      +                          itches
   847                           ; Switch size 1, requested type "simple"
   848                           ; Number of cases is 1, Range of values is 0 to 0
   849                           ; switch strategies available:
   850                           ; Name         Instructions Cycles
   851                           ; simple_byte            4     3 (average)
   852                           ; direct_byte           11     8 (fixed)
   853                           ; jumptable            260     6 (fixed)
   854                           ;	Chosen strategy is simple_byte
   855     0116  0877               	movf	??_adc_init+1,w
   856     0117  3A00               	xorlw	0	; case 0
   857     0118  1903               	skipnz
   858     0119  291B               	goto	l1148
   859     011A  2929               	goto	l1002
   860     011B                     l1148:
   861                           
   862                           ; Switch size 1, requested type "simple"
   863                           ; Number of cases is 4, Range of values is 1 to 20
   864                           ; switch strategies available:
   865                           ; Name         Instructions Cycles
   866                           ; simple_byte           13     7 (average)
   867                           ; direct_byte           71    11 (fixed)
   868                           ; jumptable            263     9 (fixed)
   869                           ;	Chosen strategy is simple_byte
   870     011B  0876               	movf	??_adc_init,w
   871     011C  3A01               	xorlw	1	; case 1
   872     011D  1903               	skipnz
   873     011E  28FB               	goto	l990
   874     011F  3A05               	xorlw	5	; case 4
   875     0120  1903               	skipnz
   876     0121  2900               	goto	l992
   877     0122  3A0C               	xorlw	12	; case 8
   878     0123  1903               	skipnz
   879     0124  2907               	goto	l994
   880     0125  3A1C               	xorlw	28	; case 20
   881     0126  1903               	skipnz
   882     0127  290E               	goto	l996
   883     0128  2929               	goto	l1002
   884     0129                     l1002:
   885                           
   886                           ;ADC_lib.c: 35:     ADCON0bits.CHS = channel;
   887     0129  0875               	movf	adc_init@channel,w
   888     012A  00F6               	movwf	??_adc_init
   889     012B  0DF6               	rlf	??_adc_init,f
   890     012C  0DF6               	rlf	??_adc_init,f
   891     012D  1283               	bcf	3,5	;RP0=0, select bank0
   892     012E  081F               	movf	31,w	;volatile
   893     012F  0676               	xorwf	??_adc_init,w
   894     0130  39C3               	andlw	-61
   895     0131  0676               	xorwf	??_adc_init,w
   896     0132  009F               	movwf	31	;volatile
   897     0133                     l1004:
   898                           
   899                           ;ADC_lib.c: 38:     ADON = 1;
   900     0133  141F               	bsf	31,0	;volatile
   901     0134                     l101:
   902     0134  0008               	return
   903     0135                     __end_of_adc_init:
   904                           
   905                           	psect	text3
   906     01D1                     __ptext3:	
   907 ;; *************** function _I2C_Slave_Init *****************
   908 ;; Defined at:
   909 ;;		line 93 in file "I2C.c"
   910 ;; Parameters:    Size  Location     Type
   911 ;;  address         1    wreg     unsigned char 
   912 ;; Auto vars:     Size  Location     Type
   913 ;;  address         1    3[COMMON] unsigned char 
   914 ;; Return value:  Size  Location     Type
   915 ;;                  1    wreg      void 
   916 ;; Registers used:
   917 ;;		wreg
   918 ;; Tracked objects:
   919 ;;		On entry : 0/0
   920 ;;		On exit  : 0/0
   921 ;;		Unchanged: 0/0
   922 ;; Data sizes:     COMMON   BANK0   BANK1   BANK3   BANK2
   923 ;;      Params:         0       0       0       0       0
   924 ;;      Locals:         1       0       0       0       0
   925 ;;      Temps:          0       0       0       0       0
   926 ;;      Totals:         1       0       0       0       0
   927 ;;Total ram usage:        1 bytes
   928 ;; Hardware stack levels used: 1
   929 ;; Hardware stack levels required when called: 1
   930 ;; This function calls:
   931 ;;		Nothing
   932 ;; This function is called by:
   933 ;;		_setup
   934 ;; This function uses a non-reentrant model
   935 ;;
   936                           
   937     01D1                     _I2C_Slave_Init:	
   938                           ;psect for function _I2C_Slave_Init
   939                           
   940                           
   941                           ;incstack = 0
   942                           ; Regs used in _I2C_Slave_Init: [wreg]
   943                           ;I2C_Slave_Init@address stored from wreg
   944     01D1  00F3               	movwf	I2C_Slave_Init@address
   945     01D2                     l782:
   946                           
   947                           ;I2C.c: 93: void I2C_Slave_Init(uint8_t address);I2C.c: 94: {;I2C.c: 95:     SSPADD = ad
      +                          dress;
   948     01D2  0873               	movf	I2C_Slave_Init@address,w
   949     01D3  1683               	bsf	3,5	;RP0=1, select bank1
   950     01D4  1303               	bcf	3,6	;RP1=0, select bank1
   951     01D5  0093               	movwf	19	;volatile
   952                           
   953                           ;I2C.c: 96:     SSPCON = 0x36;
   954     01D6  3036               	movlw	54
   955     01D7  1283               	bcf	3,5	;RP0=0, select bank0
   956     01D8  1303               	bcf	3,6	;RP1=0, select bank0
   957     01D9  0094               	movwf	20	;volatile
   958                           
   959                           ;I2C.c: 97:     SSPSTAT = 0x80;
   960     01DA  3080               	movlw	128
   961     01DB  1683               	bsf	3,5	;RP0=1, select bank1
   962     01DC  1303               	bcf	3,6	;RP1=0, select bank1
   963     01DD  0094               	movwf	20	;volatile
   964                           
   965                           ;I2C.c: 98:     SSPCON2 = 0x01;
   966     01DE  3001               	movlw	1
   967     01DF  0091               	movwf	17	;volatile
   968     01E0                     l784:
   969                           
   970                           ;I2C.c: 99:     TRISC3 = 1;
   971     01E0  1587               	bsf	7,3	;volatile
   972     01E1                     l786:
   973                           
   974                           ;I2C.c: 100:     TRISC4 = 1;
   975     01E1  1607               	bsf	7,4	;volatile
   976     01E2                     l788:
   977                           
   978                           ;I2C.c: 101:     GIE = 1;
   979     01E2  178B               	bsf	11,7	;volatile
   980     01E3                     l790:
   981                           
   982                           ;I2C.c: 102:     PEIE = 1;
   983     01E3  170B               	bsf	11,6	;volatile
   984     01E4                     l792:
   985                           
   986                           ;I2C.c: 103:     SSPIF = 0;
   987     01E4  1283               	bcf	3,5	;RP0=0, select bank0
   988     01E5  1303               	bcf	3,6	;RP1=0, select bank0
   989     01E6  118C               	bcf	12,3	;volatile
   990     01E7                     l794:
   991                           
   992                           ;I2C.c: 104:     SSPIE = 1;
   993     01E7  1683               	bsf	3,5	;RP0=1, select bank1
   994     01E8  1303               	bcf	3,6	;RP1=0, select bank1
   995     01E9  158C               	bsf	12,3	;volatile
   996     01EA                     l168:
   997     01EA  0008               	return
   998     01EB                     __end_of_I2C_Slave_Init:
   999                           
  1000                           	psect	text4
  1001     0135                     __ptext4:	
  1002 ;; *************** function _map *****************
  1003 ;; Defined at:
  1004 ;;		line 112 in file "Lab4_Slave.c"
  1005 ;; Parameters:    Size  Location     Type
  1006 ;;  val             1    wreg     unsigned char 
  1007 ;;  min1            1    8[BANK0 ] unsigned char 
  1008 ;;  max1            1    9[BANK0 ] unsigned char 
  1009 ;;  min2            1   10[BANK0 ] unsigned char 
  1010 ;;  max2            1   11[BANK0 ] unsigned char 
  1011 ;; Auto vars:     Size  Location     Type
  1012 ;;  val             1   14[BANK0 ] unsigned char 
  1013 ;; Return value:  Size  Location     Type
  1014 ;;                  1    wreg      unsigned char 
  1015 ;; Registers used:
  1016 ;;		wreg, status,2, status,0, btemp+1, pclath, cstack
  1017 ;; Tracked objects:
  1018 ;;		On entry : 0/0
  1019 ;;		On exit  : 0/0
  1020 ;;		Unchanged: 0/0
  1021 ;; Data sizes:     COMMON   BANK0   BANK1   BANK3   BANK2
  1022 ;;      Params:         0       4       0       0       0
  1023 ;;      Locals:         0       1       0       0       0
  1024 ;;      Temps:          0       2       0       0       0
  1025 ;;      Totals:         0       7       0       0       0
  1026 ;;Total ram usage:        7 bytes
  1027 ;; Hardware stack levels used: 1
  1028 ;; Hardware stack levels required when called: 2
  1029 ;; This function calls:
  1030 ;;		___awdiv
  1031 ;;		___wmul
  1032 ;; This function is called by:
  1033 ;;		_main
  1034 ;; This function uses a non-reentrant model
  1035 ;;
  1036                           
  1037     0135                     _map:	
  1038                           ;psect for function _map
  1039                           
  1040                           
  1041                           ;incstack = 0
  1042                           ; Regs used in _map: [wreg+status,2+status,0+btemp+1+pclath+cstack]
  1043                           ;map@val stored from wreg
  1044     0135  1283               	bcf	3,5	;RP0=0, select bank0
  1045     0136  1303               	bcf	3,6	;RP1=0, select bank0
  1046     0137  00AE               	movwf	map@val
  1047     0138                     l1118:
  1048     0138  0828               	movf	map@min1,w
  1049     0139  0229               	subwf	map@max1,w
  1050     013A  00A0               	movwf	___awdiv@divisor
  1051     013B  01A1               	clrf	___awdiv@divisor+1
  1052     013C  1C03               	skipc
  1053     013D  03A1               	decf	___awdiv@divisor+1,f
  1054     013E  0828               	movf	map@min1,w
  1055     013F  022E               	subwf	map@val,w
  1056     0140  00F3               	movwf	___wmul@multiplier
  1057     0141  01F4               	clrf	___wmul@multiplier+1
  1058     0142  1C03               	skipc
  1059     0143  03F4               	decf	___wmul@multiplier+1,f
  1060     0144  082A               	movf	map@min2,w
  1061     0145  022B               	subwf	map@max2,w
  1062     0146  00F5               	movwf	___wmul@multiplicand
  1063     0147  01F6               	clrf	___wmul@multiplicand+1
  1064     0148  1C03               	skipc
  1065     0149  03F6               	decf	___wmul@multiplicand+1,f
  1066     014A  120A  118A  218A  120A  118A  	fcall	___wmul
  1067     014F  0874               	movf	?___wmul+1,w
  1068     0150  1283               	bcf	3,5	;RP0=0, select bank0
  1069     0151  1303               	bcf	3,6	;RP1=0, select bank0
  1070     0152  00A3               	movwf	___awdiv@dividend+1
  1071     0153  0873               	movf	?___wmul,w
  1072     0154  00A2               	movwf	___awdiv@dividend
  1073     0155  120A  118A  2015  120A  118A  	fcall	___awdiv
  1074     015A  1283               	bcf	3,5	;RP0=0, select bank0
  1075     015B  1303               	bcf	3,6	;RP1=0, select bank0
  1076     015C  0820               	movf	?___awdiv,w
  1077     015D  00AC               	movwf	??_map
  1078     015E  0821               	movf	?___awdiv+1,w
  1079     015F  00AD               	movwf	??_map+1
  1080     0160  082A               	movf	map@min2,w
  1081     0161  072C               	addwf	??_map,w
  1082     0162                     l78:
  1083     0162  0008               	return
  1084     0163                     __end_of_map:
  1085                           
  1086                           	psect	text5
  1087     018A                     __ptext5:	
  1088 ;; *************** function ___wmul *****************
  1089 ;; Defined at:
  1090 ;;		line 15 in file "C:\Program Files\Microchip\xc8\v2.41\pic\sources\c90\common\Umul16.c"
  1091 ;; Parameters:    Size  Location     Type
  1092 ;;  multiplier      2    3[COMMON] unsigned int 
  1093 ;;  multiplicand    2    5[COMMON] unsigned int 
  1094 ;; Auto vars:     Size  Location     Type
  1095 ;;  product         2    7[COMMON] unsigned int 
  1096 ;; Return value:  Size  Location     Type
  1097 ;;                  2    3[COMMON] unsigned int 
  1098 ;; Registers used:
  1099 ;;		wreg, status,2, status,0
  1100 ;; Tracked objects:
  1101 ;;		On entry : 0/0
  1102 ;;		On exit  : 0/0
  1103 ;;		Unchanged: 0/0
  1104 ;; Data sizes:     COMMON   BANK0   BANK1   BANK3   BANK2
  1105 ;;      Params:         4       0       0       0       0
  1106 ;;      Locals:         2       0       0       0       0
  1107 ;;      Temps:          0       0       0       0       0
  1108 ;;      Totals:         6       0       0       0       0
  1109 ;;Total ram usage:        6 bytes
  1110 ;; Hardware stack levels used: 1
  1111 ;; Hardware stack levels required when called: 1
  1112 ;; This function calls:
  1113 ;;		Nothing
  1114 ;; This function is called by:
  1115 ;;		_map
  1116 ;; This function uses a non-reentrant model
  1117 ;;
  1118                           
  1119     018A                     ___wmul:	
  1120                           ;psect for function ___wmul
  1121                           
  1122     018A                     l1010:	
  1123                           ;incstack = 0
  1124                           ; Regs used in ___wmul: [wreg+status,2+status,0]
  1125                           
  1126     018A  01F7               	clrf	___wmul@product
  1127     018B  01F8               	clrf	___wmul@product+1
  1128     018C                     l1012:
  1129     018C  1C73               	btfss	___wmul@multiplier,0
  1130     018D  298F               	goto	u411
  1131     018E  2990               	goto	u410
  1132     018F                     u411:
  1133     018F  2996               	goto	l254
  1134     0190                     u410:
  1135     0190                     l1014:
  1136     0190  0875               	movf	___wmul@multiplicand,w
  1137     0191  07F7               	addwf	___wmul@product,f
  1138     0192  1803               	skipnc
  1139     0193  0AF8               	incf	___wmul@product+1,f
  1140     0194  0876               	movf	___wmul@multiplicand+1,w
  1141     0195  07F8               	addwf	___wmul@product+1,f
  1142     0196                     l254:
  1143     0196  3001               	movlw	1
  1144     0197                     u425:
  1145     0197  1003               	clrc
  1146     0198  0DF5               	rlf	___wmul@multiplicand,f
  1147     0199  0DF6               	rlf	___wmul@multiplicand+1,f
  1148     019A  3EFF               	addlw	-1
  1149     019B  1D03               	skipz
  1150     019C  2997               	goto	u425
  1151     019D                     l1016:
  1152     019D  3001               	movlw	1
  1153     019E                     u435:
  1154     019E  1003               	clrc
  1155     019F  0CF4               	rrf	___wmul@multiplier+1,f
  1156     01A0  0CF3               	rrf	___wmul@multiplier,f
  1157     01A1  3EFF               	addlw	-1
  1158     01A2  1D03               	skipz
  1159     01A3  299E               	goto	u435
  1160     01A4                     l1018:
  1161     01A4  0873               	movf	___wmul@multiplier,w
  1162     01A5  0474               	iorwf	___wmul@multiplier+1,w
  1163     01A6  1D03               	btfss	3,2
  1164     01A7  29A9               	goto	u441
  1165     01A8  29AA               	goto	u440
  1166     01A9                     u441:
  1167     01A9  298C               	goto	l1012
  1168     01AA                     u440:
  1169     01AA                     l1020:
  1170     01AA  0878               	movf	___wmul@product+1,w
  1171     01AB  00F4               	movwf	?___wmul+1
  1172     01AC  0877               	movf	___wmul@product,w
  1173     01AD  00F3               	movwf	?___wmul
  1174     01AE                     l256:
  1175     01AE  0008               	return
  1176     01AF                     __end_of___wmul:
  1177                           
  1178                           	psect	text6
  1179     0015                     __ptext6:	
  1180 ;; *************** function ___awdiv *****************
  1181 ;; Defined at:
  1182 ;;		line 5 in file "C:\Program Files\Microchip\xc8\v2.41\pic\sources\c90\common\awdiv.c"
  1183 ;; Parameters:    Size  Location     Type
  1184 ;;  divisor         2    0[BANK0 ] int 
  1185 ;;  dividend        2    2[BANK0 ] int 
  1186 ;; Auto vars:     Size  Location     Type
  1187 ;;  quotient        2    6[BANK0 ] int 
  1188 ;;  sign            1    5[BANK0 ] unsigned char 
  1189 ;;  counter         1    4[BANK0 ] unsigned char 
  1190 ;; Return value:  Size  Location     Type
  1191 ;;                  2    0[BANK0 ] int 
  1192 ;; Registers used:
  1193 ;;		wreg, status,2, status,0, btemp+1
  1194 ;; Tracked objects:
  1195 ;;		On entry : 0/0
  1196 ;;		On exit  : 0/0
  1197 ;;		Unchanged: 0/0
  1198 ;; Data sizes:     COMMON   BANK0   BANK1   BANK3   BANK2
  1199 ;;      Params:         0       4       0       0       0
  1200 ;;      Locals:         0       4       0       0       0
  1201 ;;      Temps:          0       0       0       0       0
  1202 ;;      Totals:         0       8       0       0       0
  1203 ;;Total ram usage:        8 bytes
  1204 ;; Hardware stack levels used: 1
  1205 ;; Hardware stack levels required when called: 1
  1206 ;; This function calls:
  1207 ;;		Nothing
  1208 ;; This function is called by:
  1209 ;;		_map
  1210 ;; This function uses a non-reentrant model
  1211 ;;
  1212                           
  1213     0015                     ___awdiv:	
  1214                           ;psect for function ___awdiv
  1215                           
  1216     0015                     l1024:	
  1217                           ;incstack = 0
  1218                           ; Regs used in ___awdiv: [wreg+status,2+status,0+btemp+1]
  1219                           
  1220     0015  1283               	bcf	3,5	;RP0=0, select bank0
  1221     0016  1303               	bcf	3,6	;RP1=0, select bank0
  1222     0017  01A5               	clrf	___awdiv@sign
  1223     0018                     l1026:
  1224     0018  1FA1               	btfss	___awdiv@divisor+1,7
  1225     0019  281B               	goto	u451
  1226     001A  281C               	goto	u450
  1227     001B                     u451:
  1228     001B  2823               	goto	l1032
  1229     001C                     u450:
  1230     001C                     l1028:
  1231     001C  09A0               	comf	___awdiv@divisor,f
  1232     001D  09A1               	comf	___awdiv@divisor+1,f
  1233     001E  0AA0               	incf	___awdiv@divisor,f
  1234     001F  1903               	skipnz
  1235     0020  0AA1               	incf	___awdiv@divisor+1,f
  1236     0021                     l1030:
  1237     0021  01A5               	clrf	___awdiv@sign
  1238     0022  0AA5               	incf	___awdiv@sign,f
  1239     0023                     l1032:
  1240     0023  1FA3               	btfss	___awdiv@dividend+1,7
  1241     0024  2826               	goto	u461
  1242     0025  2827               	goto	u460
  1243     0026                     u461:
  1244     0026  2830               	goto	l1038
  1245     0027                     u460:
  1246     0027                     l1034:
  1247     0027  09A2               	comf	___awdiv@dividend,f
  1248     0028  09A3               	comf	___awdiv@dividend+1,f
  1249     0029  0AA2               	incf	___awdiv@dividend,f
  1250     002A  1903               	skipnz
  1251     002B  0AA3               	incf	___awdiv@dividend+1,f
  1252     002C                     l1036:
  1253     002C  3001               	movlw	1
  1254     002D  00FF               	movwf	btemp+1
  1255     002E  087F               	movf	btemp+1,w
  1256     002F  06A5               	xorwf	___awdiv@sign,f
  1257     0030                     l1038:
  1258     0030  01A6               	clrf	___awdiv@quotient
  1259     0031  01A7               	clrf	___awdiv@quotient+1
  1260     0032                     l1040:
  1261     0032  0820               	movf	___awdiv@divisor,w
  1262     0033  0421               	iorwf	___awdiv@divisor+1,w
  1263     0034  1903               	btfsc	3,2
  1264     0035  2837               	goto	u471
  1265     0036  2838               	goto	u470
  1266     0037                     u471:
  1267     0037  286F               	goto	l1060
  1268     0038                     u470:
  1269     0038                     l1042:
  1270     0038  01A4               	clrf	___awdiv@counter
  1271     0039  0AA4               	incf	___awdiv@counter,f
  1272     003A  2846               	goto	l1048
  1273     003B                     l1044:
  1274     003B  3001               	movlw	1
  1275     003C                     u485:
  1276     003C  1003               	clrc
  1277     003D  0DA0               	rlf	___awdiv@divisor,f
  1278     003E  0DA1               	rlf	___awdiv@divisor+1,f
  1279     003F  3EFF               	addlw	-1
  1280     0040  1D03               	skipz
  1281     0041  283C               	goto	u485
  1282     0042                     l1046:
  1283     0042  3001               	movlw	1
  1284     0043  00FF               	movwf	btemp+1
  1285     0044  087F               	movf	btemp+1,w
  1286     0045  07A4               	addwf	___awdiv@counter,f
  1287     0046                     l1048:
  1288     0046  1FA1               	btfss	___awdiv@divisor+1,7
  1289     0047  2849               	goto	u491
  1290     0048  284A               	goto	u490
  1291     0049                     u491:
  1292     0049  283B               	goto	l1044
  1293     004A                     u490:
  1294     004A                     l1050:
  1295     004A  3001               	movlw	1
  1296     004B                     u505:
  1297     004B  1003               	clrc
  1298     004C  0DA6               	rlf	___awdiv@quotient,f
  1299     004D  0DA7               	rlf	___awdiv@quotient+1,f
  1300     004E  3EFF               	addlw	-1
  1301     004F  1D03               	skipz
  1302     0050  284B               	goto	u505
  1303     0051  0821               	movf	___awdiv@divisor+1,w
  1304     0052  0223               	subwf	___awdiv@dividend+1,w
  1305     0053  1D03               	skipz
  1306     0054  2857               	goto	u515
  1307     0055  0820               	movf	___awdiv@divisor,w
  1308     0056  0222               	subwf	___awdiv@dividend,w
  1309     0057                     u515:
  1310     0057  1C03               	skipc
  1311     0058  285A               	goto	u511
  1312     0059  285B               	goto	u510
  1313     005A                     u511:
  1314     005A  2862               	goto	l1056
  1315     005B                     u510:
  1316     005B                     l1052:
  1317     005B  0820               	movf	___awdiv@divisor,w
  1318     005C  02A2               	subwf	___awdiv@dividend,f
  1319     005D  0821               	movf	___awdiv@divisor+1,w
  1320     005E  1C03               	skipc
  1321     005F  03A3               	decf	___awdiv@dividend+1,f
  1322     0060  02A3               	subwf	___awdiv@dividend+1,f
  1323     0061                     l1054:
  1324     0061  1426               	bsf	___awdiv@quotient,0
  1325     0062                     l1056:
  1326     0062  3001               	movlw	1
  1327     0063                     u525:
  1328     0063  1003               	clrc
  1329     0064  0CA1               	rrf	___awdiv@divisor+1,f
  1330     0065  0CA0               	rrf	___awdiv@divisor,f
  1331     0066  3EFF               	addlw	-1
  1332     0067  1D03               	skipz
  1333     0068  2863               	goto	u525
  1334     0069                     l1058:
  1335     0069  3001               	movlw	1
  1336     006A  02A4               	subwf	___awdiv@counter,f
  1337     006B  1D03               	btfss	3,2
  1338     006C  286E               	goto	u531
  1339     006D  286F               	goto	u530
  1340     006E                     u531:
  1341     006E  284A               	goto	l1050
  1342     006F                     u530:
  1343     006F                     l1060:
  1344     006F  0825               	movf	___awdiv@sign,w
  1345     0070  1903               	btfsc	3,2
  1346     0071  2873               	goto	u541
  1347     0072  2874               	goto	u540
  1348     0073                     u541:
  1349     0073  2879               	goto	l1064
  1350     0074                     u540:
  1351     0074                     l1062:
  1352     0074  09A6               	comf	___awdiv@quotient,f
  1353     0075  09A7               	comf	___awdiv@quotient+1,f
  1354     0076  0AA6               	incf	___awdiv@quotient,f
  1355     0077  1903               	skipnz
  1356     0078  0AA7               	incf	___awdiv@quotient+1,f
  1357     0079                     l1064:
  1358     0079  0827               	movf	___awdiv@quotient+1,w
  1359     007A  00A1               	movwf	?___awdiv+1
  1360     007B  0826               	movf	___awdiv@quotient,w
  1361     007C  00A0               	movwf	?___awdiv
  1362     007D                     l407:
  1363     007D  0008               	return
  1364     007E                     __end_of___awdiv:
  1365                           
  1366                           	psect	text7
  1367     01EB                     __ptext7:	
  1368 ;; *************** function _adc_read *****************
  1369 ;; Defined at:
  1370 ;;		line 42 in file "ADC_lib.c"
  1371 ;; Parameters:    Size  Location     Type
  1372 ;;		None
  1373 ;; Auto vars:     Size  Location     Type
  1374 ;;		None
  1375 ;; Return value:  Size  Location     Type
  1376 ;;                  2    3[COMMON] unsigned int 
  1377 ;; Registers used:
  1378 ;;		wreg
  1379 ;; Tracked objects:
  1380 ;;		On entry : 0/0
  1381 ;;		On exit  : 0/0
  1382 ;;		Unchanged: 0/0
  1383 ;; Data sizes:     COMMON   BANK0   BANK1   BANK3   BANK2
  1384 ;;      Params:         2       0       0       0       0
  1385 ;;      Locals:         0       0       0       0       0
  1386 ;;      Temps:          0       0       0       0       0
  1387 ;;      Totals:         2       0       0       0       0
  1388 ;;Total ram usage:        2 bytes
  1389 ;; Hardware stack levels used: 1
  1390 ;; Hardware stack levels required when called: 1
  1391 ;; This function calls:
  1392 ;;		Nothing
  1393 ;; This function is called by:
  1394 ;;		_main
  1395 ;; This function uses a non-reentrant model
  1396 ;;
  1397                           
  1398     01EB                     _adc_read:	
  1399                           ;psect for function _adc_read
  1400                           
  1401     01EB                     l1082:	
  1402                           ;incstack = 0
  1403                           ; Regs used in _adc_read: [wreg]
  1404                           
  1405                           
  1406                           ;ADC_lib.c: 43:     ADCON0bits.GO = 1;
  1407     01EB  1283               	bcf	3,5	;RP0=0, select bank0
  1408     01EC  1303               	bcf	3,6	;RP1=0, select bank0
  1409     01ED  149F               	bsf	31,1	;volatile
  1410     01EE                     l104:	
  1411                           ;ADC_lib.c: 44:     while(ADCON0bits.GO);
  1412                           
  1413     01EE  189F               	btfsc	31,1	;volatile
  1414     01EF  29F1               	goto	u551
  1415     01F0  29F2               	goto	u550
  1416     01F1                     u551:
  1417     01F1  29EE               	goto	l104
  1418     01F2                     u550:
  1419     01F2                     l1084:
  1420                           
  1421                           ;ADC_lib.c: 45:     return (ADRESH<<8) | ADRESL;
  1422     01F2  081E               	movf	30,w	;volatile
  1423     01F3  00F4               	movwf	?_adc_read+1
  1424     01F4  1683               	bsf	3,5	;RP0=1, select bank1
  1425     01F5  1303               	bcf	3,6	;RP1=0, select bank1
  1426     01F6  081E               	movf	30,w	;volatile
  1427     01F7  00F3               	movwf	?_adc_read
  1428     01F8                     l107:
  1429     01F8  0008               	return
  1430     01F9                     __end_of_adc_read:
  1431                           
  1432                           	psect	text8
  1433     007E                     __ptext8:	
  1434 ;; *************** function _isr *****************
  1435 ;; Defined at:
  1436 ;;		line 46 in file "Lab4_Slave.c"
  1437 ;; Parameters:    Size  Location     Type
  1438 ;;		None
  1439 ;; Auto vars:     Size  Location     Type
  1440 ;;		None
  1441 ;; Return value:  Size  Location     Type
  1442 ;;                  1    wreg      void 
  1443 ;; Registers used:
  1444 ;;		wreg
  1445 ;; Tracked objects:
  1446 ;;		On entry : 0/0
  1447 ;;		On exit  : 0/0
  1448 ;;		Unchanged: 0/0
  1449 ;; Data sizes:     COMMON   BANK0   BANK1   BANK3   BANK2
  1450 ;;      Params:         0       0       0       0       0
  1451 ;;      Locals:         0       0       0       0       0
  1452 ;;      Temps:          3       0       0       0       0
  1453 ;;      Totals:         3       0       0       0       0
  1454 ;;Total ram usage:        3 bytes
  1455 ;; Hardware stack levels used: 1
  1456 ;; This function calls:
  1457 ;;		Nothing
  1458 ;; This function is called by:
  1459 ;;		Interrupt level 1
  1460 ;; This function uses a non-reentrant model
  1461 ;;
  1462                           
  1463     007E                     _isr:	
  1464                           ;psect for function _isr
  1465                           
  1466     007E                     i1l882:
  1467                           
  1468                           ;Lab4_Slave.c: 47: 
  1469     007E  1283               	bcf	3,5	;RP0=0, select bank0
  1470     007F  1303               	bcf	3,6	;RP1=0, select bank0
  1471     0080  1D8C               	btfss	12,3	;volatile
  1472     0081  2883               	goto	u24_21
  1473     0082  2884               	goto	u24_20
  1474     0083                     u24_21:
  1475     0083  28D4               	goto	i1l64
  1476     0084                     u24_20:
  1477     0084                     i1l884:
  1478                           
  1479                           ;Lab4_Slave.c: 49: 
  1480     0084  1214               	bcf	20,4	;volatile
  1481                           
  1482                           ;Lab4_Slave.c: 51:     setup();
  1483     0085  1B14               	btfsc	20,6	;volatile
  1484     0086  2888               	goto	u25_21
  1485     0087  2889               	goto	u25_20
  1486     0088                     u25_21:
  1487     0088  288D               	goto	i1l888
  1488     0089                     u25_20:
  1489     0089                     i1l886:
  1490     0089  1F94               	btfss	20,7	;volatile
  1491     008A  288C               	goto	u26_21
  1492     008B  288D               	goto	u26_20
  1493     008C                     u26_21:
  1494     008C  2892               	goto	i1l896
  1495     008D                     u26_20:
  1496     008D                     i1l888:
  1497                           
  1498                           ;Lab4_Slave.c: 52:     while(1){
  1499     008D  0813               	movf	19,w	;volatile
  1500     008E  00FA               	movwf	_discard
  1501     008F                     i1l890:
  1502                           
  1503                           ;Lab4_Slave.c: 53: 
  1504     008F  1314               	bcf	20,6	;volatile
  1505     0090                     i1l892:
  1506                           
  1507                           ;Lab4_Slave.c: 54: 
  1508     0090  1394               	bcf	20,7	;volatile
  1509     0091                     i1l894:
  1510                           
  1511                           ;Lab4_Slave.c: 55:         _delay((unsigned long)((5)*(8000000/4000.0)));
  1512     0091  1614               	bsf	20,4	;volatile
  1513     0092                     i1l896:
  1514                           
  1515                           ;Lab4_Slave.c: 58: }
  1516     0092  1683               	bsf	3,5	;RP0=1, select bank1
  1517     0093  1303               	bcf	3,6	;RP1=0, select bank1
  1518     0094  1A94               	btfsc	20,5	;volatile
  1519     0095  2897               	goto	u27_21
  1520     0096  2898               	goto	u27_20
  1521     0097                     u27_21:
  1522     0097  28B2               	goto	i1l55
  1523     0098                     u27_20:
  1524     0098                     i1l898:
  1525     0098  1914               	btfsc	20,2	;volatile
  1526     0099  289B               	goto	u28_21
  1527     009A  289C               	goto	u28_20
  1528     009B                     u28_21:
  1529     009B  28B2               	goto	i1l55
  1530     009C                     u28_20:
  1531     009C                     i1l900:
  1532                           
  1533                           ;Lab4_Slave.c: 60: void setup(void){
  1534     009C  1283               	bcf	3,5	;RP0=0, select bank0
  1535     009D  1303               	bcf	3,6	;RP1=0, select bank0
  1536     009E  0813               	movf	19,w	;volatile
  1537     009F  00FA               	movwf	_discard
  1538     00A0                     i1l902:
  1539                           
  1540                           ;Lab4_Slave.c: 62:     PORTA = 0;
  1541     00A0  118C               	bcf	12,3	;volatile
  1542     00A1                     i1l904:
  1543                           
  1544                           ;Lab4_Slave.c: 63:     ANSEL = 1;
  1545     00A1  1614               	bsf	20,4	;volatile
  1546     00A2                     i1l56:	
  1547                           ;Lab4_Slave.c: 64:     ANSELH= 0;
  1548                           
  1549     00A2  1683               	bsf	3,5	;RP0=1, select bank1
  1550     00A3  1303               	bcf	3,6	;RP1=0, select bank1
  1551     00A4  1C14               	btfss	20,0	;volatile
  1552     00A5  28A7               	goto	u29_21
  1553     00A6  28A8               	goto	u29_20
  1554     00A7                     u29_21:
  1555     00A7  28A2               	goto	i1l56
  1556     00A8                     u29_20:
  1557     00A8                     i1l906:
  1558                           
  1559                           ;Lab4_Slave.c: 65: 
  1560     00A8  1283               	bcf	3,5	;RP0=0, select bank0
  1561     00A9  1303               	bcf	3,6	;RP1=0, select bank0
  1562     00AA  0813               	movf	19,w	;volatile
  1563     00AB  0088               	movwf	8	;volatile
  1564                           
  1565                           ;Lab4_Slave.c: 66: 
  1566     00AC  30A6               	movlw	166
  1567     00AD  00F0               	movwf	??_isr
  1568     00AE                     u57_27:
  1569     00AE  0BF0               	decfsz	??_isr,f
  1570     00AF  28AE               	goto	u57_27
  1571     00B0  0000               	nop
  1572                           
  1573                           ;Lab4_Slave.c: 68:     SCS = 1;
  1574     00B1  28D1               	goto	i1l59
  1575     00B2                     i1l55:
  1576     00B2  1A94               	btfsc	20,5	;volatile
  1577     00B3  28B5               	goto	u30_21
  1578     00B4  28B6               	goto	u30_20
  1579     00B5                     u30_21:
  1580     00B5  28D1               	goto	i1l59
  1581     00B6                     u30_20:
  1582     00B6                     i1l908:
  1583     00B6  1D14               	btfss	20,2	;volatile
  1584     00B7  28B9               	goto	u31_21
  1585     00B8  28BA               	goto	u31_20
  1586     00B9                     u31_21:
  1587     00B9  28D1               	goto	i1l59
  1588     00BA                     u31_20:
  1589     00BA                     i1l910:
  1590                           
  1591                           ;Lab4_Slave.c: 69: 
  1592     00BA  1283               	bcf	3,5	;RP0=0, select bank0
  1593     00BB  1303               	bcf	3,6	;RP1=0, select bank0
  1594     00BC  0813               	movf	19,w	;volatile
  1595     00BD  00FA               	movwf	_discard
  1596     00BE                     i1l912:
  1597                           
  1598                           ;Lab4_Slave.c: 70: 
  1599     00BE  1683               	bsf	3,5	;RP0=1, select bank1
  1600     00BF  1303               	bcf	3,6	;RP1=0, select bank1
  1601     00C0  1014               	bcf	20,0	;volatile
  1602                           
  1603                           ;Lab4_Slave.c: 71:     adc_init(0, 0, 8, 0);
  1604     00C1  0879               	movf	_temperatura,w
  1605     00C2  1283               	bcf	3,5	;RP0=0, select bank0
  1606     00C3  1303               	bcf	3,6	;RP1=0, select bank0
  1607     00C4  0093               	movwf	19	;volatile
  1608     00C5                     i1l914:
  1609                           
  1610                           ;Lab4_Slave.c: 72: 
  1611     00C5  1614               	bsf	20,4	;volatile
  1612                           
  1613                           ;Lab4_Slave.c: 73:     I2C_Slave_Init(0x50);
  1614     00C6  30A6               	movlw	166
  1615     00C7  00F0               	movwf	??_isr
  1616     00C8                     u58_27:
  1617     00C8  0BF0               	decfsz	??_isr,f
  1618     00C9  28C8               	goto	u58_27
  1619     00CA  0000               	nop
  1620     00CB                     i1l61:	
  1621                           ;Lab4_Slave.c: 74: }
  1622                           
  1623     00CB  1683               	bsf	3,5	;RP0=1, select bank1
  1624     00CC  1303               	bcf	3,6	;RP1=0, select bank1
  1625     00CD  1814               	btfsc	20,0	;volatile
  1626     00CE  28D0               	goto	u32_21
  1627     00CF  28D1               	goto	u32_20
  1628     00D0                     u32_21:
  1629     00D0  28CB               	goto	i1l61
  1630     00D1                     u32_20:
  1631     00D1                     i1l59:
  1632                           
  1633                           ;Lab4_Slave.c: 77:     return ((val-min1)*(max2-min2)/(max1-min1))+min2;
  1634     00D1  1283               	bcf	3,5	;RP0=0, select bank0
  1635     00D2  1303               	bcf	3,6	;RP1=0, select bank0
  1636     00D3  118C               	bcf	12,3	;volatile
  1637     00D4                     i1l64:
  1638     00D4  0872               	movf	??_isr+2,w
  1639     00D5  008A               	movwf	10
  1640     00D6  0E71               	swapf	??_isr+1,w
  1641     00D7  0083               	movwf	3
  1642     00D8  0EFE               	swapf	btemp,f
  1643     00D9  0E7E               	swapf	btemp,w
  1644     00DA  0009               	retfie
  1645     00DB                     __end_of_isr:
  1646     007E                     btemp	set	126	;btemp
  1647     007E                     wtemp0	set	126
  1648                           
  1649                           	psect	intentry
  1650     0004                     __pintentry:	
  1651                           ;incstack = 0
  1652                           ; Regs used in _isr: [wreg]
  1653                           
  1654     0004                     interrupt_function:
  1655     007E                     saved_w	set	btemp
  1656     0004  00FE               	movwf	btemp
  1657     0005  0E03               	swapf	3,w
  1658     0006  00F1               	movwf	??_isr+1
  1659     0007  080A               	movf	10,w
  1660     0008  00F2               	movwf	??_isr+2
  1661     0009  120A  118A  287E   	ljmp	_isr
  1662                           
  1663                           	psect	config
  1664                           
  1665                           ;Config register CONFIG1 @ 0x2007
  1666                           ;	Oscillator Selection bits
  1667                           ;	FOSC = INTRC_NOCLKOUT, INTOSCIO oscillator: I/O function on RA6/OSC2/CLKOUT pin, I/O f
      +                          unction on RA7/OSC1/CLKIN
  1668                           ;	Watchdog Timer Enable bit
  1669                           ;	WDTE = OFF, WDT disabled and can be enabled by SWDTEN bit of the WDTCON register
  1670                           ;	Power-up Timer Enable bit
  1671                           ;	PWRTE = OFF, PWRT disabled
  1672                           ;	RE3/MCLR pin function select bit
  1673                           ;	MCLRE = OFF, RE3/MCLR pin function is digital input, MCLR internally tied to VDD
  1674                           ;	Code Protection bit
  1675                           ;	CP = OFF, Program memory code protection is disabled
  1676                           ;	Data Code Protection bit
  1677                           ;	CPD = OFF, Data memory code protection is disabled
  1678                           ;	Brown Out Reset Selection bits
  1679                           ;	BOREN = OFF, BOR disabled
  1680                           ;	Internal External Switchover bit
  1681                           ;	IESO = OFF, Internal/External Switchover mode is disabled
  1682                           ;	Fail-Safe Clock Monitor Enabled bit
  1683                           ;	FCMEN = OFF, Fail-Safe Clock Monitor is disabled
  1684                           ;	Low Voltage Programming Enable bit
  1685                           ;	LVP = OFF, RB3 pin has digital I/O, HV on MCLR must be used for programming
  1686                           ;	In-Circuit Debugger Mode bit
  1687                           ;	DEBUG = 0x1, unprogrammed default
  1688     2007                     	org	8199
  1689     2007  20D4               	dw	8404
  1690                           
  1691                           ;Config register CONFIG2 @ 0x2008
  1692                           ;	Brown-out Reset Selection bit
  1693                           ;	BOR4V = BOR40V, Brown-out Reset set to 4.0V
  1694                           ;	Flash Program Memory Self Write Enable bits
  1695                           ;	WRT = OFF, Write protection off
  1696     2008                     	org	8200
  1697     2008  3FFF               	dw	16383

Data Sizes:
    Strings     0
    Constant    0
    Data        0
    BSS         2
    Persistent  0
    Stack       0

Auto Spaces:
    Space          Size  Autos    Used
    COMMON           14      9      11
    BANK0            80     17      17
    BANK1            80      0       0
    BANK3            96      0       0
    BANK2            96      0       0

Pointer List with Targets:

    None.

Critical Paths under _main in COMMON

    _setup->_adc_init
    _map->___wmul
    ___awdiv->___wmul

Critical Paths under _isr in COMMON

    None.

Critical Paths under _main in BANK0

    _main->_map
    _map->___awdiv

Critical Paths under _isr in BANK0

    None.

Critical Paths under _main in BANK1

    None.

Critical Paths under _isr in BANK1

    None.

Critical Paths under _main in BANK3

    None.

Critical Paths under _isr in BANK3

    None.

Critical Paths under _main in BANK2

    None.

Critical Paths under _isr in BANK2

    None.

Call Graph Tables:

 ---------------------------------------------------------------------------------
 (Depth) Function   	        Calls       Base Space   Used Autos Params    Refs
 ---------------------------------------------------------------------------------
 (0) _main                                                 2     2      0    1626
                                             15 BANK0      2     2      0
                           _adc_read
                                _map
                              _setup
 ---------------------------------------------------------------------------------
 (1) _setup                                                0     0      0     353
                     _I2C_Slave_Init
                           _adc_init
 ---------------------------------------------------------------------------------
 (2) _adc_init                                             6     3      3     338
                                              3 COMMON     6     3      3
 ---------------------------------------------------------------------------------
 (2) _I2C_Slave_Init                                       1     1      0      15
                                              3 COMMON     1     1      0
 ---------------------------------------------------------------------------------
 (1) _map                                                  7     3      4    1273
                                              8 BANK0      7     3      4
                            ___awdiv
                             ___wmul
                           _adc_read (ARG)
 ---------------------------------------------------------------------------------
 (2) ___wmul                                               6     2      4     244
                                              3 COMMON     6     2      4
 ---------------------------------------------------------------------------------
 (2) ___awdiv                                              8     4      4     452
                                              0 BANK0      8     4      4
                             ___wmul (ARG)
 ---------------------------------------------------------------------------------
 (1) _adc_read                                             2     0      2       0
                                              3 COMMON     2     0      2
 ---------------------------------------------------------------------------------
 Estimated maximum stack depth 2
 ---------------------------------------------------------------------------------
 (Depth) Function   	        Calls       Base Space   Used Autos Params    Refs
 ---------------------------------------------------------------------------------
 (3) _isr                                                  3     3      0       0
                                              0 COMMON     3     3      0
 ---------------------------------------------------------------------------------
 Estimated maximum stack depth 3
 ---------------------------------------------------------------------------------

 Call Graph Graphs:

 _main (ROOT)
   _adc_read
   _map
     ___awdiv
       ___wmul (ARG)
     ___wmul
     _adc_read (ARG)
   _setup
     _I2C_Slave_Init
     _adc_init

 _isr (ROOT)

 Address spaces:
Name               Size   Autos  Total    Cost      Usage
BITCOMMON            E      0       0       0        0.0%
EEDATA             100      0       0       0        0.0%
NULL                 0      0       0       0        0.0%
CODE                 0      0       0       0        0.0%
COMMON               E      9       B       1       78.6%
BITSFR0              0      0       0       1        0.0%
SFR0                 0      0       0       1        0.0%
BITSFR1              0      0       0       2        0.0%
SFR1                 0      0       0       2        0.0%
STACK                0      0       0       2        0.0%
ABS                  0      0      1C       3        0.0%
BITBANK0            50      0       0       4        0.0%
BITSFR3              0      0       0       4        0.0%
SFR3                 0      0       0       4        0.0%
BANK0               50     11      11       5       21.2%
BITSFR2              0      0       0       5        0.0%
SFR2                 0      0       0       5        0.0%
BITBANK1            50      0       0       6        0.0%
BANK1               50      0       0       7        0.0%
BITBANK3            60      0       0       8        0.0%
BANK3               60      0       0       9        0.0%
BITBANK2            60      0       0      10        0.0%
BANK2               60      0       0      11        0.0%
DATA                 0      0      1C      12        0.0%


Microchip Technology PIC Macro Assembler V2.41 build 20230208172133 
Symbol Table                                                                                   Thu Aug 10 22:33:54 2023

                     _BF 04A0                       l75 01D0                       l78 0162  
           ___awdiv@sign 0025      ___wmul@multiplicand 0075                      l101 0134  
                    l104 01EE                      l107 01F8                      l254 0196  
                    l407 007D                      l256 01AE                      l168 01EA  
                    l790 01E3                      l782 01D2                      l792 01E4  
                    l784 01E0                      l794 01E7                      l786 01E1  
                    l788 01E2                      l990 00FB                      l992 0100  
                    l994 0107                      _CKP 00A4                      _GIE 005F  
                    l996 010E                      l988 00DC                      u410 0190  
                    u411 018F                      u404 00FA                      u510 005B  
                    u350 00E3                      u511 005A                      u351 00DF  
                    u440 01AA                      u505 004B                      u441 01A9  
                    u425 0197                      u530 006F                      u450 001C  
                    u370 00ED                      u531 006E                      u515 0057  
                    u451 001B                      u435 019E                      u371 00E9  
                    u540 0074                      u460 0027                      u364 00E6  
                    u541 0073                      u525 0063                      u461 0026  
                    u550 01F2                      u470 0038                      u390 00F7  
                    u551 01F1                      u471 0037                      u391 00F3  
                    u384 00F0                      u490 004A                      u491 0049  
                    u485 003C                      _SCS 0478                      u567 016E  
                    _map 0135                      _isr 007E                     l1000 0113  
                   l1010 018A                     l1002 0129                     l1020 01AA  
                   l1012 018C                     l1004 0133                     l1030 0021  
                   l1014 0190                     l1040 0032                     l1032 0023  
                   l1024 0015                     l1016 019D                     l1050 004A  
                   l1042 0038                     l1034 0027                     l1026 0018  
                   l1018 01A4                     l1122 0163                     l1052 005B  
                   l1044 003B                     l1060 006F                     l1036 002C  
                   l1028 001C                     l1124 0168                     l1062 0074  
                   l1054 0061                     l1046 0042                     l1038 0030  
                   l1118 0138                     l1070 01B3                     l1126 0172  
                   l1064 0079                     l1056 0062                     l1048 0046  
                   l1080 01CA                     l1072 01B6                     l1082 01EB  
                   l1058 0069                     l1074 01BB                     l1084 01F2  
                   l1148 011B                     l1076 01BF                     l1068 01AF  
                   l1078 01C0                     ?_map 0028                     _ADFM 04FF  
                   ?_isr 0070                     _ADON 00F8                     _PEIE 005E  
                   i1l61 00CB                     i1l55 00B2                     i1l56 00A2  
                   i1l64 00D4                     i1l59 00D1                     _WCOL 00A7  
                   _D_nA 04A5                     _R_nW 04A2                     _main 0163  
                   btemp 007E                     start 000C                    ??_map 002C  
                  ??_isr 0070                    ?_main 0070          __end_of___awdiv 007E  
                  _ANSEL 0188          ___awdiv@divisor 0020                    i1l900 009C  
                  i1l910 00BA                    i1l902 00A0                    i1l912 00BE  
                  i1l904 00A1                    i1l914 00C5                    i1l906 00A8  
                  i1l908 00B6                    i1l890 008F                    i1l882 007E  
                  i1l892 0090                    i1l884 0084                    i1l894 0091  
                  i1l886 0089                    i1l896 0092                    i1l888 008D  
                  i1l898 0098          ___awdiv@counter 0024                    _VCFG0 04FC  
                  _VCFG1 04FD                    u30_20 00B6                    u30_21 00B5  
                  u31_20 00BA                    u31_21 00B9                    u32_20 00D1  
                  u24_20 0084                    u32_21 00D0                    u24_21 0083  
                  u25_20 0089                    u25_21 0088                    u26_20 008D  
                  u26_21 008C                    u27_20 0098                    u27_21 0097  
                  _PORTA 0005                    _PORTD 0008                    u28_20 009C  
                  u28_21 009B                    u29_20 00A8                    u29_21 00A7  
                  _TRISA 0085                    u57_27 00AE                    _SSPIE 0463  
                  _SSPIF 0063                    u58_27 00C8                    _SSPOV 00A6  
                  _setup 01AF                    pclath 000A                    status 0003  
                  wtemp0 007E          __initialization 000F             __end_of_main 018A  
                 ??_main 002F                   _ADRESH 001E                   _ADRESL 009E  
       ___awdiv@dividend 0022                   ?_setup 0070                   _ANSELH 0189  
       __end_of_adc_init 0135         __end_of_adc_read 01F9                   _SSPADD 0093  
                 _TRISC3 043B                   _TRISC4 043C                   _SSPBUF 0013  
                 _SSPCON 0014                   ___wmul 018A                ??___awdiv 0079  
       ___awdiv@quotient 0026                   map@val 002E                   saved_w 007E  
__end_of__initialization 0011           __pcstackCOMMON 0070            __end_of_setup 01D1  
                ??_setup 0079    I2C_Slave_Init@address 0073               __pmaintext 0163  
                ?___wmul 0073               __pintentry 0004                ?_adc_init 0073  
              ?_adc_read 0073                  _SSPCON2 0091                  _SSPSTAT 0094  
                ___awdiv 0015               ??_adc_init 0076               ??_adc_read 0075  
                __ptext1 01AF                  __ptext2 00DB                  __ptext3 01D1  
                __ptext4 0135                  __ptext5 018A                  __ptext6 0015  
                __ptext7 01EB                  __ptext8 007E                  _discard 007A  
                map@max1 0029                  map@max2 002B                  map@min1 0028  
                map@min2 002A     end_of_initialization 0011           _I2C_Slave_Init 01D1  
              _TRISCbits 0087   __end_of_I2C_Slave_Init 01EB           __end_of___wmul 01AF  
    start_initialization 000F              __end_of_map 0163              __end_of_isr 00DB  
        ?_I2C_Slave_Init 0070                 ??___wmul 0077          adc_init@channel 0075  
            __pbssCOMMON 0079                ___latbits 0002            __pcstackBANK0 0020  
          adc_init@clock 0074                adc_init@J 0078                adc_init@R 0073  
               ?___awdiv 0020        interrupt_function 0004           ___wmul@product 0077  
             _ADCON0bits 001F        ___wmul@multiplier 0073                 _adc_init 00DB  
               _adc_read 01EB         ??_I2C_Slave_Init 0073                 intlevel1 0000  
             _OSCCONbits 008F              _temperatura 0079              _SSPCON2bits 0091  
